Log file open, 01/03/25 14:49:13
LogWindows: Failed to load 'aqProf.dll' (GetLastError=126)
LogWindows: File 'aqProf.dll' does not exist
LogWindows: Failed to load 'VtuneApi.dll' (GetLastError=126)
LogWindows: File 'VtuneApi.dll' does not exist
LogWindows: Failed to load 'VtuneApi32e.dll' (GetLastError=126)
LogWindows: File 'VtuneApi32e.dll' does not exist
LogConsoleResponse: Display: Failed to find resolution value strings in scalability ini. Falling back to default.
LogConsoleResponse: Display: Failed to find resolution value strings in scalability ini. Falling back to default.
LogInit: Display: Running engine for game: MyProjectBal
LogPlatformFile: Not using cached read wrapper
LogTaskGraph: Started task graph with 5 named threads and 35 total threads with 3 sets of task threads.
LogStats: Stats thread started at 0.222383
LogICUInternationalization: ICU TimeZone Detection - Raw Offset: +3:00, Platform Override: ''
LogInit: Display: Loading text-based GConfig....
LogPluginManager: Mounting plugin MeshPainting
LogPluginManager: Mounting plugin XGEController
LogPluginManager: Mounting plugin Paper2D
LogPluginManager: Mounting plugin AISupport
LogPluginManager: Mounting plugin EnvironmentQueryEditor
LogPluginManager: Mounting plugin LightPropagationVolume
LogPluginManager: Mounting plugin LiveLink
LogPluginManager: Mounting plugin CameraShakePreviewer
LogPluginManager: Mounting plugin GameplayCameras
LogPluginManager: Mounting plugin OodleData
LogPluginManager: Mounting plugin AnimationSharing
LogPluginManager: Mounting plugin CLionSourceCodeAccess
LogPluginManager: Mounting plugin CodeLiteSourceCodeAccess
LogPluginManager: Mounting plugin KDevelopSourceCodeAccess
LogPluginManager: Mounting plugin GitSourceControl
LogPluginManager: Mounting plugin NullSourceCodeAccess
LogPluginManager: Mounting plugin PerforceSourceControl
LogPluginManager: Mounting plugin PlasticSourceControl
LogPluginManager: Mounting plugin PixWinPlugin
LogPluginManager: Mounting plugin PluginUtils
LogPluginManager: Mounting plugin RiderSourceCodeAccess
LogPluginManager: Mounting plugin SubversionSourceControl
LogPluginManager: Mounting plugin PropertyAccessNode
LogPluginManager: Mounting plugin TextureFormatOodle
LogPluginManager: Mounting plugin UObjectPlugin
LogPluginManager: Mounting plugin VisualStudioSourceCodeAccess
LogPluginManager: Mounting plugin VisualStudioCodeSourceCodeAccess
LogPluginManager: Mounting plugin XCodeSourceCodeAccess
LogPluginManager: Mounting plugin DatasmithContent
LogPluginManager: Mounting plugin VariantManagerContent
LogPluginManager: Mounting plugin AlembicImporter
LogPluginManager: Mounting plugin AutomationUtils
LogPluginManager: Mounting plugin ChaosCloth
LogPluginManager: Mounting plugin ChaosClothEditor
LogPluginManager: Mounting plugin ChaosEditor
LogPluginManager: Mounting plugin ChaosNiagara
LogPluginManager: Mounting plugin ChaosSolverPlugin
LogPluginManager: Mounting plugin BackChannel
LogPluginManager: Mounting plugin CharacterAI
LogPluginManager: Mounting plugin GeometryCache
LogPluginManager: Mounting plugin GeometryCollectionPlugin
LogPluginManager: Mounting plugin AssetManagerEditor
LogPluginManager: Mounting plugin CurveEditorTools
LogPluginManager: Mounting plugin CryptoKeys
LogPluginManager: Mounting plugin DataValidation
LogPluginManager: Mounting plugin FacialAnimation
LogPluginManager: Mounting plugin GeometryMode
LogPluginManager: Mounting plugin MacGraphicsSwitching
LogPluginManager: Mounting plugin MaterialAnalyzer
LogPluginManager: Mounting plugin GameplayTagsEditor
LogPluginManager: Mounting plugin LuminPlatformFeatures
LogPluginManager: Mounting plugin MobileLauncherProfileWizard
LogPluginManager: Mounting plugin MagicLeap
LogPluginManager: Mounting plugin PluginBrowser
LogPluginManager: Mounting plugin MagicLeapLightEstimation
LogPluginManager: Mounting plugin MagicLeapMedia
LogPluginManager: Mounting plugin SpeedTreeImporter
LogPluginManager: Mounting plugin MagicLeapPassableWorld
LogPluginManager: Mounting plugin MLSDK
LogPluginManager: Mounting plugin GeometryProcessing
LogPluginManager: Mounting plugin PlanarCut
LogPluginManager: Mounting plugin MotoSynth
LogPluginManager: Mounting plugin PlatformCrypto
LogPluginManager: Mounting plugin OpenImageDenoise
LogPluginManager: Mounting plugin ProxyLODPlugin
LogPluginManager: Mounting plugin PythonScriptPlugin
LogPluginManager: Mounting plugin SkeletalReduction
LogPluginManager: Mounting plugin Niagara
LogPluginManager: Mounting plugin AndroidMedia
LogPluginManager: Mounting plugin AvfMedia
LogPluginManager: Mounting plugin ImgMedia
LogPluginManager: Mounting plugin MediaCompositing
LogPluginManager: Mounting plugin MediaPlayerEditor
LogPluginManager: Mounting plugin ActorSequence
LogPluginManager: Mounting plugin WebMMedia
LogPluginManager: Mounting plugin TcpMessaging
LogPluginManager: Mounting plugin WmfMedia
LogPluginManager: Mounting plugin UdpMessaging
LogPluginManager: Mounting plugin LevelSequenceEditor
LogPluginManager: Mounting plugin MatineeToLevelSequence
LogPluginManager: Mounting plugin TemplateSequence
LogPluginManager: Mounting plugin OnlineSubsystem
LogPluginManager: Mounting plugin OnlineSubsystemNull
LogPluginManager: Mounting plugin LauncherChunkInstaller
LogPluginManager: Mounting plugin OnlineSubsystemUtils
LogPluginManager: Mounting plugin ActorLayerUtilities
LogPluginManager: Mounting plugin ScreenshotTools
LogPluginManager: Mounting plugin AndroidDeviceProfileSelector
LogPluginManager: Mounting plugin AndroidMoviePlayer
LogPluginManager: Mounting plugin AndroidPermission
LogPluginManager: Mounting plugin AppleMoviePlayer
LogPluginManager: Mounting plugin ArchVisCharacter
LogPluginManager: Mounting plugin AssetTags
LogPluginManager: Mounting plugin AudioCapture
LogPluginManager: Mounting plugin AppleImageUtils
LogPluginManager: Mounting plugin AudioSynesthesia
LogPluginManager: Mounting plugin CableComponent
LogPluginManager: Mounting plugin ChunkDownloader
LogPluginManager: Mounting plugin EditableMesh
LogPluginManager: Mounting plugin CustomMeshComponent
LogPluginManager: Mounting plugin ExampleDeviceProfileSelector
LogPluginManager: Mounting plugin GoogleCloudMessaging
LogPluginManager: Mounting plugin GooglePAD
LogPluginManager: Mounting plugin IOSDeviceProfileSelector
LogPluginManager: Mounting plugin LinuxDeviceProfileSelector
LogPluginManager: Mounting plugin LocationServicesBPLibrary
LogPluginManager: Mounting plugin MobilePatchingUtils
LogPluginManager: Mounting plugin OpenXR
LogPluginManager: Mounting plugin OpenXREyeTracker
LogPluginManager: Mounting plugin OpenXRHandTracking
LogPluginManager: Mounting plugin PhysXVehicles
LogPluginManager: Mounting plugin Takes
LogPluginManager: Mounting plugin PropertyAccessEditor
LogPluginManager: Mounting plugin ProceduralMeshComponent
LogPluginManager: Mounting plugin PostSplashScreen
LogPluginManager: Mounting plugin RuntimePhysXCooking
LogPluginManager: Mounting plugin SoundFields
LogPluginManager: Mounting plugin SignificanceManager
LogPluginManager: Mounting plugin Synthesis
LogPluginManager: Mounting plugin WebMMoviePlayer
LogPluginManager: Mounting plugin OodleNetwork
LogPluginManager: Mounting plugin WindowsMoviePlayer
LogPluginManager: Mounting plugin ContentBrowserClassDataSource
LogPluginManager: Mounting plugin ContentBrowserAssetDataSource
LogPluginManager: Mounting plugin ContentBrowserFileDataSource
LogPluginManager: Mounting plugin OnlineSubsystemIOS
LogPluginManager: Mounting plugin OnlineSubsystemGooglePlay
LogPluginManager: Mounting plugin OculusVR
LogPluginManager: Mounting plugin SteamVR
PixWinPlugin: PIX capture plugin failed to initialize! Check that the process is launched from PIX.
LogInit: Using libcurl 7.55.1-DEV
LogInit:  - built for x86_64-pc-win32
LogInit:  - supports SSL with OpenSSL/1.1.1
LogInit:  - supports HTTP deflate (compression) using libz 1.2.8
LogInit:  - other features:
LogInit:      CURL_VERSION_SSL
LogInit:      CURL_VERSION_LIBZ
LogInit:      CURL_VERSION_IPV6
LogInit:      CURL_VERSION_ASYNCHDNS
LogInit:      CURL_VERSION_LARGEFILE
LogInit:      CURL_VERSION_IDN
LogInit:  CurlRequestOptions (configurable via config and command line):
LogInit:  - bVerifyPeer = true  - Libcurl will verify peer certificate
LogInit:  - bUseHttpProxy = false  - Libcurl will NOT use HTTP proxy
LogInit:  - bDontReuseConnections = false  - Libcurl will reuse connections
LogInit:  - MaxHostConnections = 16  - Libcurl will limit the number of connections to a host
LogInit:  - LocalHostAddr = Default
LogInit:  - BufferSize = 65536
LogOnline: OSS: Creating online subsystem instance for: NULL
LogInit: WinSock: version 1.1 (2.2), MaxSocks=32767, MaxUdp=65467
LogOnline: OSS: TryLoadSubsystemAndSetDefault: Loaded subsystem for module [NULL]
LogOculusPluginWrapper: OculusPlugin initialized successfully
LogHMD: Failed initializing OVRPlugin 1.59.0
LogInit: Build: ++UE4+Release-4.27-CL-18319896
LogInit: Engine Version: 4.27.2-18319896+++UE4+Release-4.27
LogInit: Compatible Engine Version: 4.27.0-17155196+++UE4+Release-4.27
LogInit: Net CL: 17155196
LogInit: OS: Windows 10 (Release 2009) (), CPU: Intel(R) Core(TM) i7-8700 CPU @ 3.20GHz, GPU: NVIDIA GeForce RTX 2070
LogInit: Compiled (64-bit): Nov 30 2021 07:12:08
LogInit: Compiled with Visual C++: 19.24.28315.00
LogInit: Build Configuration: Development
LogInit: Branch Name: ++UE4+Release-4.27
LogInit: Command Line:  -AUTH_LOGIN=unused -AUTH_PASSWORD=aa30f5b9f91749fdba076642d7b3ab88 -AUTH_TYPE=exchangecode -epicapp=UE_4.27 -epicenv=Prod -EpicPortal -epicusername=Ruuus02 -epicuserid=8d8e25998e3047dd8ce0f40451dcce0b -epiclocale=en -epicsandboxid=ue
LogInit: Base Directory: C:/Program Files/Epic Games/UE_4.27/Engine/Binaries/Win64/
LogInit: Allocator: TBB
LogInit: Installed Engine Build: 1
LogDevObjectVersion: Number of dev versions registered: 29
LogDevObjectVersion:   Dev-Blueprints (B0D832E4-1F89-4F0D-ACCF-7EB736FD4AA2): 10
LogDevObjectVersion:   Dev-Build (E1C64328-A22C-4D53-A36C-8E866417BD8C): 0
LogDevObjectVersion:   Dev-Core (375EC13C-06E4-48FB-B500-84F0262A717E): 4
LogDevObjectVersion:   Dev-Editor (E4B068ED-F494-42E9-A231-DA0B2E46BB41): 40
LogDevObjectVersion:   Dev-Framework (CFFC743F-43B0-4480-9391-14DF171D2073): 37
LogDevObjectVersion:   Dev-Mobile (B02B49B5-BB20-44E9-A304-32B752E40360): 3
LogDevObjectVersion:   Dev-Networking (A4E4105C-59A1-49B5-A7C5-40C4547EDFEE): 0
LogDevObjectVersion:   Dev-Online (39C831C9-5AE6-47DC-9A44-9C173E1C8E7C): 0
LogDevObjectVersion:   Dev-Physics (78F01B33-EBEA-4F98-B9B4-84EACCB95AA2): 14
LogDevObjectVersion:   Dev-Platform (6631380F-2D4D-43E0-8009-CF276956A95A): 0
LogDevObjectVersion:   Dev-Rendering (12F88B9F-8875-4AFC-A67C-D90C383ABD29): 45
LogDevObjectVersion:   Dev-Sequencer (7B5AE74C-D270-4C10-A958-57980B212A5A): 13
LogDevObjectVersion:   Dev-VR (D7296918-1DD6-4BDD-9DE2-64A83CC13884): 3
LogDevObjectVersion:   Dev-LoadTimes (C2A15278-BFE7-4AFE-6C17-90FF531DF755): 1
LogDevObjectVersion:   Private-Geometry (6EACA3D4-40EC-4CC1-B786-8BED09428FC5): 3
LogDevObjectVersion:   Dev-AnimPhys (29E575DD-E0A3-4627-9D10-D276232CDCEA): 17
LogDevObjectVersion:   Dev-Anim (AF43A65D-7FD3-4947-9873-3E8ED9C1BB05): 15
LogDevObjectVersion:   Dev-ReflectionCapture (6B266CEC-1EC7-4B8F-A30B-E4D90942FC07): 1
LogDevObjectVersion:   Dev-Automation (0DF73D61-A23F-47EA-B727-89E90C41499A): 1
LogDevObjectVersion:   FortniteMain (601D1886-AC64-4F84-AA16-D3DE0DEAC7D6): 47
LogDevObjectVersion:   FortniteRelease (E7086368-6B23-4C58-8439-1B7016265E91): 1
LogDevObjectVersion:   Dev-Enterprise (9DFFBCD6-494F-0158-E221-12823C92A888): 10
LogDevObjectVersion:   Dev-Niagara (F2AED0AC-9AFE-416F-8664-AA7FFA26D6FC): 1
LogDevObjectVersion:   Dev-Destruction (174F1F0B-B4C6-45A5-B13F-2EE8D0FB917D): 10
LogDevObjectVersion:   Dev-Physics-Ext (35F94A83-E258-406C-A318-09F59610247C): 41
LogDevObjectVersion:   Dev-PhysicsMaterial-Chaos (B68FC16E-8B1B-42E2-B453-215C058844FE): 1
LogDevObjectVersion:   Dev-CineCamera (B2E18506-4273-CFC2-A54E-F4BB758BBA07): 1
LogDevObjectVersion:   Dev-VirtualProduction (64F58936-FD1B-42BA-BA96-7289D5D0FA4E): 1
LogDevObjectVersion:   Dev-MediaFramework (6F0ED827-A609-4895-9C91-998D90180EA4): 2
LogInit: Presizing for max 25165824 objects, including 0 objects not considered by GC, pre-allocating 0 bytes for permanent pool.
LogConfig: Applying CVar settings from Section [/Script/Engine.StreamingSettings] File [C:/Users/1/Documents/Unreal Projects/MyProjectBal/Saved/Config/Windows/Engine.ini]
LogConfig: Setting CVar [[s.MinBulkDataSizeForAsyncLoading:131072]]
LogConfig: Setting CVar [[s.AsyncLoadingThreadEnabled:0]]
LogConfig: Setting CVar [[s.EventDrivenLoaderEnabled:1]]
LogConfig: Setting CVar [[s.WarnIfTimeLimitExceeded:0]]
LogConfig: Setting CVar [[s.TimeLimitExceededMultiplier:1.5]]
LogConfig: Setting CVar [[s.TimeLimitExceededMinTime:0.005]]
LogConfig: Setting CVar [[s.UseBackgroundLevelStreaming:1]]
LogConfig: Setting CVar [[s.PriorityAsyncLoadingExtraTime:15.0]]
LogConfig: Setting CVar [[s.LevelStreamingActorsUpdateTimeLimit:5.0]]
LogConfig: Setting CVar [[s.PriorityLevelStreamingActorsUpdateExtraTime:5.0]]
LogConfig: Setting CVar [[s.LevelStreamingComponentsRegistrationGranularity:10]]
LogConfig: Setting CVar [[s.UnregisterComponentsTimeLimit:1.0]]
LogConfig: Setting CVar [[s.LevelStreamingComponentsUnregistrationGranularity:5]]
LogConfig: Setting CVar [[s.FlushStreamingOnExit:1]]
LogInit: Object subsystem initialized
LogConfig: Setting CVar [[con.DebugEarlyDefault:1]]
LogConfig: Setting CVar [[r.setres:1280x720]]
[2025.01.03-11.49.13:694][  0]LogConfig: Setting CVar [[r.VSync:0]]
[2025.01.03-11.49.13:694][  0]LogConfig: Setting CVar [[r.RHICmdBypass:0]]
[2025.01.03-11.49.13:694][  0]LogConfig: Applying CVar settings from Section [/Script/Engine.RendererSettings] File [C:/Users/1/Documents/Unreal Projects/MyProjectBal/Saved/Config/Windows/Engine.ini]
[2025.01.03-11.49.13:694][  0]LogConfig: Setting CVar [[r.GPUCrashDebugging:0]]
[2025.01.03-11.49.13:694][  0]LogConfig: Applying CVar settings from Section [/Script/Engine.RendererOverrideSettings] File [C:/Users/1/Documents/Unreal Projects/MyProjectBal/Saved/Config/Windows/Engine.ini]
[2025.01.03-11.49.13:694][  0]LogConfig: Applying CVar settings from Section [/Script/Engine.StreamingSettings] File [C:/Users/1/Documents/Unreal Projects/MyProjectBal/Saved/Config/Windows/Engine.ini]
[2025.01.03-11.49.13:694][  0]LogConfig: Setting CVar [[s.MinBulkDataSizeForAsyncLoading:131072]]
[2025.01.03-11.49.13:694][  0]LogConfig: Setting CVar [[s.AsyncLoadingThreadEnabled:0]]
[2025.01.03-11.49.13:694][  0]LogConfig: Setting CVar [[s.EventDrivenLoaderEnabled:1]]
[2025.01.03-11.49.13:694][  0]LogConfig: Setting CVar [[s.WarnIfTimeLimitExceeded:0]]
[2025.01.03-11.49.13:694][  0]LogConfig: Setting CVar [[s.TimeLimitExceededMultiplier:1.5]]
[2025.01.03-11.49.13:694][  0]LogConfig: Setting CVar [[s.TimeLimitExceededMinTime:0.005]]
[2025.01.03-11.49.13:694][  0]LogConfig: Setting CVar [[s.UseBackgroundLevelStreaming:1]]
[2025.01.03-11.49.13:694][  0]LogConfig: Setting CVar [[s.PriorityAsyncLoadingExtraTime:15.0]]
[2025.01.03-11.49.13:694][  0]LogConfig: Setting CVar [[s.LevelStreamingActorsUpdateTimeLimit:5.0]]
[2025.01.03-11.49.13:694][  0]LogConfig: Setting CVar [[s.PriorityLevelStreamingActorsUpdateExtraTime:5.0]]
[2025.01.03-11.49.13:694][  0]LogConfig: Setting CVar [[s.LevelStreamingComponentsRegistrationGranularity:10]]
[2025.01.03-11.49.13:694][  0]LogConfig: Setting CVar [[s.UnregisterComponentsTimeLimit:1.0]]
[2025.01.03-11.49.13:694][  0]LogConfig: Setting CVar [[s.LevelStreamingComponentsUnregistrationGranularity:5]]
[2025.01.03-11.49.13:694][  0]LogConfig: Setting CVar [[s.FlushStreamingOnExit:1]]
[2025.01.03-11.49.13:694][  0]LogConfig: Applying CVar settings from Section [/Script/Engine.GarbageCollectionSettings] File [C:/Users/1/Documents/Unreal Projects/MyProjectBal/Saved/Config/Windows/Engine.ini]
[2025.01.03-11.49.13:694][  0]LogConfig: Setting CVar [[gc.MaxObjectsNotConsideredByGC:1]]
[2025.01.03-11.49.13:694][  0]LogConfig: Setting CVar [[gc.SizeOfPermanentObjectPool:0]]
[2025.01.03-11.49.13:694][  0]LogConfig: Setting CVar [[gc.FlushStreamingOnGC:0]]
[2025.01.03-11.49.13:694][  0]LogConfig: Setting CVar [[gc.NumRetriesBeforeForcingGC:10]]
[2025.01.03-11.49.13:694][  0]LogConfig: Setting CVar [[gc.AllowParallelGC:1]]
[2025.01.03-11.49.13:694][  0]LogConfig: Setting CVar [[gc.TimeBetweenPurgingPendingKillObjects:61.1]]
[2025.01.03-11.49.13:694][  0]LogConfig: Setting CVar [[gc.MaxObjectsInEditor:25165824]]
[2025.01.03-11.49.13:694][  0]LogConfig: Setting CVar [[gc.IncrementalBeginDestroyEnabled:1]]
[2025.01.03-11.49.13:695][  0]LogConfig: Setting CVar [[gc.CreateGCClusters:1]]
[2025.01.03-11.49.13:695][  0]LogConfig: Setting CVar [[gc.MinGCClusterSize:5]]
[2025.01.03-11.49.13:695][  0]LogConfig: Setting CVar [[gc.ActorClusteringEnabled:0]]
[2025.01.03-11.49.13:695][  0]LogConfig: Setting CVar [[gc.BlueprintClusteringEnabled:0]]
[2025.01.03-11.49.13:695][  0]LogConfig: Setting CVar [[gc.UseDisregardForGCOnDedicatedServers:0]]
[2025.01.03-11.49.13:695][  0]LogConfig: Setting CVar [[gc.MultithreadedDestructionEnabled:1]]
[2025.01.03-11.49.13:695][  0]LogConfig: Applying CVar settings from Section [/Script/Engine.NetworkSettings] File [C:/Users/1/Documents/Unreal Projects/MyProjectBal/Saved/Config/Windows/Engine.ini]
[2025.01.03-11.49.13:695][  0]LogConfig: Applying CVar settings from Section [/Script/UnrealEd.CookerSettings] File [C:/Users/1/Documents/Unreal Projects/MyProjectBal/Saved/Config/Windows/Engine.ini]
[2025.01.03-11.49.13:700][  0]LogConfig: Applying CVar settings from Section [ViewDistanceQuality@3] File [C:/Users/1/Documents/Unreal Projects/MyProjectBal/Saved/Config/Windows/Scalability.ini]
[2025.01.03-11.49.13:700][  0]LogConfig: Setting CVar [[r.SkeletalMeshLODBias:0]]
[2025.01.03-11.49.13:700][  0]LogConfig: Setting CVar [[r.ViewDistanceScale:1.0]]
[2025.01.03-11.49.13:700][  0]LogConfig: Applying CVar settings from Section [AntiAliasingQuality@3] File [C:/Users/1/Documents/Unreal Projects/MyProjectBal/Saved/Config/Windows/Scalability.ini]
[2025.01.03-11.49.13:700][  0]LogConfig: Setting CVar [[r.PostProcessAAQuality:4]]
[2025.01.03-11.49.13:700][  0]LogConfig: Applying CVar settings from Section [ShadowQuality@3] File [C:/Users/1/Documents/Unreal Projects/MyProjectBal/Saved/Config/Windows/Scalability.ini]
[2025.01.03-11.49.13:700][  0]LogConfig: Setting CVar [[r.LightFunctionQuality:1]]
[2025.01.03-11.49.13:700][  0]LogConfig: Setting CVar [[r.ShadowQuality:5]]
[2025.01.03-11.49.13:700][  0]LogConfig: Setting CVar [[r.Shadow.CSM.MaxCascades:10]]
[2025.01.03-11.49.13:700][  0]LogConfig: Setting CVar [[r.Shadow.MaxResolution:2048]]
[2025.01.03-11.49.13:700][  0]LogConfig: Setting CVar [[r.Shadow.MaxCSMResolution:2048]]
[2025.01.03-11.49.13:700][  0]LogConfig: Setting CVar [[r.Shadow.RadiusThreshold:0.01]]
[2025.01.03-11.49.13:700][  0]LogConfig: Setting CVar [[r.Shadow.DistanceScale:1.0]]
[2025.01.03-11.49.13:700][  0]LogConfig: Setting CVar [[r.Shadow.CSM.TransitionScale:1.0]]
[2025.01.03-11.49.13:700][  0]LogConfig: Setting CVar [[r.Shadow.PreShadowResolutionFactor:1.0]]
[2025.01.03-11.49.13:700][  0]LogConfig: Setting CVar [[r.DistanceFieldShadowing:1]]
[2025.01.03-11.49.13:700][  0]LogConfig: Setting CVar [[r.DistanceFieldAO:1]]
[2025.01.03-11.49.13:700][  0]LogConfig: Setting CVar [[r.AOQuality:2]]
[2025.01.03-11.49.13:700][  0]LogConfig: Setting CVar [[r.VolumetricFog:1]]
[2025.01.03-11.49.13:700][  0]LogConfig: Setting CVar [[r.VolumetricFog.GridPixelSize:8]]
[2025.01.03-11.49.13:700][  0]LogConfig: Setting CVar [[r.VolumetricFog.GridSizeZ:128]]
[2025.01.03-11.49.13:700][  0]LogConfig: Setting CVar [[r.VolumetricFog.HistoryMissSupersampleCount:4]]
[2025.01.03-11.49.13:700][  0]LogConfig: Setting CVar [[r.LightMaxDrawDistanceScale:1]]
[2025.01.03-11.49.13:700][  0]LogConfig: Setting CVar [[r.CapsuleShadows:1]]
[2025.01.03-11.49.13:700][  0]LogConfig: Applying CVar settings from Section [PostProcessQuality@3] File [C:/Users/1/Documents/Unreal Projects/MyProjectBal/Saved/Config/Windows/Scalability.ini]
[2025.01.03-11.49.13:700][  0]LogConfig: Setting CVar [[r.MotionBlurQuality:4]]
[2025.01.03-11.49.13:700][  0]LogConfig: Setting CVar [[r.AmbientOcclusionMipLevelFactor:0.4]]
[2025.01.03-11.49.13:700][  0]LogConfig: Setting CVar [[r.AmbientOcclusionMaxQuality:100]]
[2025.01.03-11.49.13:700][  0]LogConfig: Setting CVar [[r.AmbientOcclusionLevels:-1]]
[2025.01.03-11.49.13:701][  0]LogConfig: Setting CVar [[r.AmbientOcclusionRadiusScale:1.0]]
[2025.01.03-11.49.13:701][  0]LogConfig: Setting CVar [[r.DepthOfFieldQuality:2]]
[2025.01.03-11.49.13:701][  0]LogConfig: Setting CVar [[r.RenderTargetPoolMin:400]]
[2025.01.03-11.49.13:701][  0]LogConfig: Setting CVar [[r.LensFlareQuality:2]]
[2025.01.03-11.49.13:701][  0]LogConfig: Setting CVar [[r.SceneColorFringeQuality:1]]
[2025.01.03-11.49.13:701][  0]LogConfig: Setting CVar [[r.EyeAdaptationQuality:2]]
[2025.01.03-11.49.13:701][  0]LogConfig: Setting CVar [[r.BloomQuality:5]]
[2025.01.03-11.49.13:701][  0]LogConfig: Setting CVar [[r.FastBlurThreshold:100]]
[2025.01.03-11.49.13:701][  0]LogConfig: Setting CVar [[r.Upscale.Quality:3]]
[2025.01.03-11.49.13:701][  0]LogConfig: Setting CVar [[r.Tonemapper.GrainQuantization:1]]
[2025.01.03-11.49.13:701][  0]LogConfig: Setting CVar [[r.LightShaftQuality:1]]
[2025.01.03-11.49.13:701][  0]LogConfig: Setting CVar [[r.Filter.SizeScale:1]]
[2025.01.03-11.49.13:701][  0]LogConfig: Setting CVar [[r.Tonemapper.Quality:5]]
[2025.01.03-11.49.13:701][  0]LogConfig: Setting CVar [[r.DOF.Gather.AccumulatorQuality:1        ; higher gathering accumulator quality]]
[2025.01.03-11.49.13:701][  0]LogConfig: Setting CVar [[r.DOF.Gather.PostfilterMethod:1          ; Median3x3 postfilering method]]
[2025.01.03-11.49.13:701][  0]LogConfig: Setting CVar [[r.DOF.Gather.EnableBokehSettings:0       ; no bokeh simulation when gathering]]
[2025.01.03-11.49.13:701][  0]LogConfig: Setting CVar [[r.DOF.Gather.RingCount:4                 ; medium number of samples when gathering]]
[2025.01.03-11.49.13:701][  0]LogConfig: Setting CVar [[r.DOF.Scatter.ForegroundCompositing:1    ; additive foreground scattering]]
[2025.01.03-11.49.13:701][  0]LogConfig: Setting CVar [[r.DOF.Scatter.BackgroundCompositing:2    ; additive background scattering]]
[2025.01.03-11.49.13:701][  0]LogConfig: Setting CVar [[r.DOF.Scatter.EnableBokehSettings:1      ; bokeh simulation when scattering]]
[2025.01.03-11.49.13:701][  0]LogConfig: Setting CVar [[r.DOF.Scatter.MaxSpriteRatio:0.1         ; only a maximum of 10% of scattered bokeh]]
[2025.01.03-11.49.13:701][  0]LogConfig: Setting CVar [[r.DOF.Recombine.Quality:1                ; cheap slight out of focus]]
[2025.01.03-11.49.13:701][  0]LogConfig: Setting CVar [[r.DOF.Recombine.EnableBokehSettings:0    ; no bokeh simulation on slight out of focus]]
[2025.01.03-11.49.13:701][  0]LogConfig: Setting CVar [[r.DOF.TemporalAAQuality:1                ; more stable temporal accumulation]]
[2025.01.03-11.49.13:701][  0]LogConfig: Setting CVar [[r.DOF.Kernel.MaxForegroundRadius:0.025]]
[2025.01.03-11.49.13:701][  0]LogConfig: Setting CVar [[r.DOF.Kernel.MaxBackgroundRadius:0.025]]
[2025.01.03-11.49.13:701][  0]LogConfig: Applying CVar settings from Section [TextureQuality@3] File [C:/Users/1/Documents/Unreal Projects/MyProjectBal/Saved/Config/Windows/Scalability.ini]
[2025.01.03-11.49.13:701][  0]LogConfig: Setting CVar [[r.Streaming.MipBias:0]]
[2025.01.03-11.49.13:701][  0]LogConfig: Setting CVar [[r.Streaming.AmortizeCPUToGPUCopy:0]]
[2025.01.03-11.49.13:701][  0]LogConfig: Setting CVar [[r.Streaming.MaxNumTexturesToStreamPerFrame:0]]
[2025.01.03-11.49.13:701][  0]LogConfig: Setting CVar [[r.Streaming.Boost:1]]
[2025.01.03-11.49.13:701][  0]LogConfig: Setting CVar [[r.MaxAnisotropy:8]]
[2025.01.03-11.49.13:701][  0]LogConfig: Setting CVar [[r.VT.MaxAnisotropy:8]]
[2025.01.03-11.49.13:701][  0]LogConfig: Setting CVar [[r.Streaming.LimitPoolSizeToVRAM:0]]
[2025.01.03-11.49.13:701][  0]LogConfig: Setting CVar [[r.Streaming.PoolSize:1000]]
[2025.01.03-11.49.13:701][  0]LogConfig: Setting CVar [[r.Streaming.MaxEffectiveScreenSize:0]]
[2025.01.03-11.49.13:701][  0]LogConfig: Applying CVar settings from Section [EffectsQuality@3] File [C:/Users/1/Documents/Unreal Projects/MyProjectBal/Saved/Config/Windows/Scalability.ini]
[2025.01.03-11.49.13:701][  0]LogConfig: Setting CVar [[r.TranslucencyLightingVolumeDim:64]]
[2025.01.03-11.49.13:701][  0]LogConfig: Setting CVar [[r.RefractionQuality:2]]
[2025.01.03-11.49.13:701][  0]LogConfig: Setting CVar [[r.SSR.Quality:3]]
[2025.01.03-11.49.13:701][  0]LogConfig: Setting CVar [[r.SSR.HalfResSceneColor:0]]
[2025.01.03-11.49.13:701][  0]LogConfig: Setting CVar [[r.SceneColorFormat:4]]
[2025.01.03-11.49.13:701][  0]LogConfig: Setting CVar [[r.DetailMode:2]]
[2025.01.03-11.49.13:701][  0]LogConfig: Setting CVar [[r.TranslucencyVolumeBlur:1]]
[2025.01.03-11.49.13:701][  0]LogConfig: Setting CVar [[r.MaterialQualityLevel:1 ; High quality]]
[2025.01.03-11.49.13:701][  0]LogConfig: Setting CVar [[r.AnisotropicMaterials:1]]
[2025.01.03-11.49.13:701][  0]LogConfig: Setting CVar [[r.SSS.Scale:1]]
[2025.01.03-11.49.13:701][  0]LogConfig: Setting CVar [[r.SSS.SampleSet:2]]
[2025.01.03-11.49.13:701][  0]LogConfig: Setting CVar [[r.SSS.Quality:1]]
[2025.01.03-11.49.13:701][  0]LogConfig: Setting CVar [[r.SSS.HalfRes:0]]
[2025.01.03-11.49.13:701][  0]LogConfig: Setting CVar [[r.SSGI.Quality:3]]
[2025.01.03-11.49.13:701][  0]LogConfig: Setting CVar [[r.EmitterSpawnRateScale:1.0]]
[2025.01.03-11.49.13:701][  0]LogConfig: Setting CVar [[r.ParticleLightQuality:2]]
[2025.01.03-11.49.13:701][  0]LogConfig: Setting CVar [[r.SkyAtmosphere.AerialPerspectiveLUT.FastApplyOnOpaque:1 ; Always have FastSkyLUT 1 in this case to avoid wrong sky]]
[2025.01.03-11.49.13:701][  0]LogConfig: Setting CVar [[r.SkyAtmosphere.AerialPerspectiveLUT.SampleCountMaxPerSlice:4]]
[2025.01.03-11.49.13:701][  0]LogConfig: Setting CVar [[r.SkyAtmosphere.AerialPerspectiveLUT.DepthResolution:16.0]]
[2025.01.03-11.49.13:701][  0]LogConfig: Setting CVar [[r.SkyAtmosphere.FastSkyLUT:1]]
[2025.01.03-11.49.13:701][  0]LogConfig: Setting CVar [[r.SkyAtmosphere.FastSkyLUT.SampleCountMin:4.0]]
[2025.01.03-11.49.13:701][  0]LogConfig: Setting CVar [[r.SkyAtmosphere.FastSkyLUT.SampleCountMax:128.0]]
[2025.01.03-11.49.13:701][  0]LogConfig: Setting CVar [[r.SkyAtmosphere.SampleCountMin:4.0]]
[2025.01.03-11.49.13:701][  0]LogConfig: Setting CVar [[r.SkyAtmosphere.SampleCountMax:128.0]]
[2025.01.03-11.49.13:701][  0]LogConfig: Setting CVar [[r.SkyAtmosphere.TransmittanceLUT.UseSmallFormat:0]]
[2025.01.03-11.49.13:701][  0]LogConfig: Setting CVar [[r.SkyAtmosphere.TransmittanceLUT.SampleCount:10.0]]
[2025.01.03-11.49.13:701][  0]LogConfig: Setting CVar [[r.SkyAtmosphere.MultiScatteringLUT.SampleCount:15.0]]
[2025.01.03-11.49.13:701][  0]LogConfig: Setting CVar [[r.SkyLight.RealTimeReflectionCapture:1]]
[2025.01.03-11.49.13:701][  0]LogConfig: Applying CVar settings from Section [FoliageQuality@3] File [C:/Users/1/Documents/Unreal Projects/MyProjectBal/Saved/Config/Windows/Scalability.ini]
[2025.01.03-11.49.13:701][  0]LogConfig: Setting CVar [[foliage.DensityScale:1.0]]
[2025.01.03-11.49.13:701][  0]LogConfig: Setting CVar [[grass.DensityScale:1.0]]
[2025.01.03-11.49.13:701][  0]LogConfig: Applying CVar settings from Section [ShadingQuality@3] File [C:/Users/1/Documents/Unreal Projects/MyProjectBal/Saved/Config/Windows/Scalability.ini]
[2025.01.03-11.49.13:701][  0]LogConfig: Setting CVar [[r.HairStrands.SkyLighting.IntegrationType:2]]
[2025.01.03-11.49.13:701][  0]LogConfig: Setting CVar [[r.HairStrands.SkyAO.SampleCount:4]]
[2025.01.03-11.49.13:701][  0]LogConfig: Setting CVar [[r.HairStrands.Visibility.MSAA.SamplePerPixel:4]]
[2025.01.03-11.49.13:701][  0]LogInit: Selected Device Profile: [Windows]
[2025.01.03-11.49.13:701][  0]LogInit: Applying CVar settings loaded from the selected device profile: [Windows]
[2025.01.03-11.49.13:701][  0]LogHAL: Display: Platform has ~ 32 GB [34199437312 / 34359738368 / 32], which maps to Largest [LargestMinGB=32, LargerMinGB=12, DefaultMinGB=8, SmallerMinGB=6, SmallestMinGB=0)
[2025.01.03-11.49.13:701][  0]LogInit: Going up to parent DeviceProfile []
[2025.01.03-11.49.13:701][  0]LogConfig: Applying CVar settings from Section [ViewDistanceQuality@3] File [C:/Users/1/Documents/Unreal Projects/MyProjectBal/Saved/Config/Windows/Scalability.ini]
[2025.01.03-11.49.13:701][  0]LogConfig: Setting CVar [[r.SkeletalMeshLODBias:0]]
[2025.01.03-11.49.13:701][  0]LogConfig: Setting CVar [[r.ViewDistanceScale:1.0]]
[2025.01.03-11.49.13:701][  0]LogConfig: Applying CVar settings from Section [AntiAliasingQuality@3] File [C:/Users/1/Documents/Unreal Projects/MyProjectBal/Saved/Config/Windows/Scalability.ini]
[2025.01.03-11.49.13:701][  0]LogConfig: Setting CVar [[r.PostProcessAAQuality:4]]
[2025.01.03-11.49.13:701][  0]LogConfig: Applying CVar settings from Section [ShadowQuality@3] File [C:/Users/1/Documents/Unreal Projects/MyProjectBal/Saved/Config/Windows/Scalability.ini]
[2025.01.03-11.49.13:701][  0]LogConfig: Setting CVar [[r.LightFunctionQuality:1]]
[2025.01.03-11.49.13:701][  0]LogConfig: Setting CVar [[r.ShadowQuality:5]]
[2025.01.03-11.49.13:701][  0]LogConfig: Setting CVar [[r.Shadow.CSM.MaxCascades:10]]
[2025.01.03-11.49.13:701][  0]LogConfig: Setting CVar [[r.Shadow.MaxResolution:2048]]
[2025.01.03-11.49.13:701][  0]LogConfig: Setting CVar [[r.Shadow.MaxCSMResolution:2048]]
[2025.01.03-11.49.13:702][  0]LogConfig: Setting CVar [[r.Shadow.RadiusThreshold:0.01]]
[2025.01.03-11.49.13:702][  0]LogConfig: Setting CVar [[r.Shadow.DistanceScale:1.0]]
[2025.01.03-11.49.13:702][  0]LogConfig: Setting CVar [[r.Shadow.CSM.TransitionScale:1.0]]
[2025.01.03-11.49.13:702][  0]LogConfig: Setting CVar [[r.Shadow.PreShadowResolutionFactor:1.0]]
[2025.01.03-11.49.13:702][  0]LogConfig: Setting CVar [[r.DistanceFieldShadowing:1]]
[2025.01.03-11.49.13:702][  0]LogConfig: Setting CVar [[r.DistanceFieldAO:1]]
[2025.01.03-11.49.13:702][  0]LogConfig: Setting CVar [[r.AOQuality:2]]
[2025.01.03-11.49.13:702][  0]LogConfig: Setting CVar [[r.VolumetricFog:1]]
[2025.01.03-11.49.13:702][  0]LogConfig: Setting CVar [[r.VolumetricFog.GridPixelSize:8]]
[2025.01.03-11.49.13:702][  0]LogConfig: Setting CVar [[r.VolumetricFog.GridSizeZ:128]]
[2025.01.03-11.49.13:702][  0]LogConfig: Setting CVar [[r.VolumetricFog.HistoryMissSupersampleCount:4]]
[2025.01.03-11.49.13:702][  0]LogConfig: Setting CVar [[r.LightMaxDrawDistanceScale:1]]
[2025.01.03-11.49.13:702][  0]LogConfig: Setting CVar [[r.CapsuleShadows:1]]
[2025.01.03-11.49.13:702][  0]LogConfig: Applying CVar settings from Section [PostProcessQuality@3] File [C:/Users/1/Documents/Unreal Projects/MyProjectBal/Saved/Config/Windows/Scalability.ini]
[2025.01.03-11.49.13:702][  0]LogConfig: Setting CVar [[r.MotionBlurQuality:4]]
[2025.01.03-11.49.13:702][  0]LogConfig: Setting CVar [[r.AmbientOcclusionMipLevelFactor:0.4]]
[2025.01.03-11.49.13:702][  0]LogConfig: Setting CVar [[r.AmbientOcclusionMaxQuality:100]]
[2025.01.03-11.49.13:702][  0]LogConfig: Setting CVar [[r.AmbientOcclusionLevels:-1]]
[2025.01.03-11.49.13:702][  0]LogConfig: Setting CVar [[r.AmbientOcclusionRadiusScale:1.0]]
[2025.01.03-11.49.13:702][  0]LogConfig: Setting CVar [[r.DepthOfFieldQuality:2]]
[2025.01.03-11.49.13:702][  0]LogConfig: Setting CVar [[r.RenderTargetPoolMin:400]]
[2025.01.03-11.49.13:702][  0]LogConfig: Setting CVar [[r.LensFlareQuality:2]]
[2025.01.03-11.49.13:702][  0]LogConfig: Setting CVar [[r.SceneColorFringeQuality:1]]
[2025.01.03-11.49.13:702][  0]LogConfig: Setting CVar [[r.EyeAdaptationQuality:2]]
[2025.01.03-11.49.13:702][  0]LogConfig: Setting CVar [[r.BloomQuality:5]]
[2025.01.03-11.49.13:702][  0]LogConfig: Setting CVar [[r.FastBlurThreshold:100]]
[2025.01.03-11.49.13:702][  0]LogConfig: Setting CVar [[r.Upscale.Quality:3]]
[2025.01.03-11.49.13:702][  0]LogConfig: Setting CVar [[r.Tonemapper.GrainQuantization:1]]
[2025.01.03-11.49.13:702][  0]LogConfig: Setting CVar [[r.LightShaftQuality:1]]
[2025.01.03-11.49.13:702][  0]LogConfig: Setting CVar [[r.Filter.SizeScale:1]]
[2025.01.03-11.49.13:702][  0]LogConfig: Setting CVar [[r.Tonemapper.Quality:5]]
[2025.01.03-11.49.13:702][  0]LogConfig: Setting CVar [[r.DOF.Gather.AccumulatorQuality:1        ; higher gathering accumulator quality]]
[2025.01.03-11.49.13:702][  0]LogConfig: Setting CVar [[r.DOF.Gather.PostfilterMethod:1          ; Median3x3 postfilering method]]
[2025.01.03-11.49.13:702][  0]LogConfig: Setting CVar [[r.DOF.Gather.EnableBokehSettings:0       ; no bokeh simulation when gathering]]
[2025.01.03-11.49.13:702][  0]LogConfig: Setting CVar [[r.DOF.Gather.RingCount:4                 ; medium number of samples when gathering]]
[2025.01.03-11.49.13:702][  0]LogConfig: Setting CVar [[r.DOF.Scatter.ForegroundCompositing:1    ; additive foreground scattering]]
[2025.01.03-11.49.13:702][  0]LogConfig: Setting CVar [[r.DOF.Scatter.BackgroundCompositing:2    ; additive background scattering]]
[2025.01.03-11.49.13:702][  0]LogConfig: Setting CVar [[r.DOF.Scatter.EnableBokehSettings:1      ; bokeh simulation when scattering]]
[2025.01.03-11.49.13:702][  0]LogConfig: Setting CVar [[r.DOF.Scatter.MaxSpriteRatio:0.1         ; only a maximum of 10% of scattered bokeh]]
[2025.01.03-11.49.13:702][  0]LogConfig: Setting CVar [[r.DOF.Recombine.Quality:1                ; cheap slight out of focus]]
[2025.01.03-11.49.13:702][  0]LogConfig: Setting CVar [[r.DOF.Recombine.EnableBokehSettings:0    ; no bokeh simulation on slight out of focus]]
[2025.01.03-11.49.13:702][  0]LogConfig: Setting CVar [[r.DOF.TemporalAAQuality:1                ; more stable temporal accumulation]]
[2025.01.03-11.49.13:702][  0]LogConfig: Setting CVar [[r.DOF.Kernel.MaxForegroundRadius:0.025]]
[2025.01.03-11.49.13:702][  0]LogConfig: Setting CVar [[r.DOF.Kernel.MaxBackgroundRadius:0.025]]
[2025.01.03-11.49.13:702][  0]LogConfig: Applying CVar settings from Section [TextureQuality@3] File [C:/Users/1/Documents/Unreal Projects/MyProjectBal/Saved/Config/Windows/Scalability.ini]
[2025.01.03-11.49.13:702][  0]LogConfig: Setting CVar [[r.Streaming.MipBias:0]]
[2025.01.03-11.49.13:702][  0]LogConfig: Setting CVar [[r.Streaming.AmortizeCPUToGPUCopy:0]]
[2025.01.03-11.49.13:702][  0]LogConfig: Setting CVar [[r.Streaming.MaxNumTexturesToStreamPerFrame:0]]
[2025.01.03-11.49.13:702][  0]LogConfig: Setting CVar [[r.Streaming.Boost:1]]
[2025.01.03-11.49.13:702][  0]LogConfig: Setting CVar [[r.MaxAnisotropy:8]]
[2025.01.03-11.49.13:702][  0]LogConfig: Setting CVar [[r.VT.MaxAnisotropy:8]]
[2025.01.03-11.49.13:702][  0]LogConfig: Setting CVar [[r.Streaming.LimitPoolSizeToVRAM:0]]
[2025.01.03-11.49.13:702][  0]LogConfig: Setting CVar [[r.Streaming.PoolSize:1000]]
[2025.01.03-11.49.13:702][  0]LogConfig: Setting CVar [[r.Streaming.MaxEffectiveScreenSize:0]]
[2025.01.03-11.49.13:702][  0]LogConfig: Applying CVar settings from Section [EffectsQuality@3] File [C:/Users/1/Documents/Unreal Projects/MyProjectBal/Saved/Config/Windows/Scalability.ini]
[2025.01.03-11.49.13:702][  0]LogConfig: Setting CVar [[r.TranslucencyLightingVolumeDim:64]]
[2025.01.03-11.49.13:702][  0]LogConfig: Setting CVar [[r.RefractionQuality:2]]
[2025.01.03-11.49.13:702][  0]LogConfig: Setting CVar [[r.SSR.Quality:3]]
[2025.01.03-11.49.13:702][  0]LogConfig: Setting CVar [[r.SSR.HalfResSceneColor:0]]
[2025.01.03-11.49.13:702][  0]LogConfig: Setting CVar [[r.SceneColorFormat:4]]
[2025.01.03-11.49.13:702][  0]LogConfig: Setting CVar [[r.DetailMode:2]]
[2025.01.03-11.49.13:702][  0]LogConfig: Setting CVar [[r.TranslucencyVolumeBlur:1]]
[2025.01.03-11.49.13:702][  0]LogConfig: Setting CVar [[r.MaterialQualityLevel:1 ; High quality]]
[2025.01.03-11.49.13:702][  0]LogConfig: Setting CVar [[r.AnisotropicMaterials:1]]
[2025.01.03-11.49.13:702][  0]LogConfig: Setting CVar [[r.SSS.Scale:1]]
[2025.01.03-11.49.13:702][  0]LogConfig: Setting CVar [[r.SSS.SampleSet:2]]
[2025.01.03-11.49.13:702][  0]LogConfig: Setting CVar [[r.SSS.Quality:1]]
[2025.01.03-11.49.13:702][  0]LogConfig: Setting CVar [[r.SSS.HalfRes:0]]
[2025.01.03-11.49.13:702][  0]LogConfig: Setting CVar [[r.SSGI.Quality:3]]
[2025.01.03-11.49.13:702][  0]LogConfig: Setting CVar [[r.EmitterSpawnRateScale:1.0]]
[2025.01.03-11.49.13:702][  0]LogConfig: Setting CVar [[r.ParticleLightQuality:2]]
[2025.01.03-11.49.13:702][  0]LogConfig: Setting CVar [[r.SkyAtmosphere.AerialPerspectiveLUT.FastApplyOnOpaque:1 ; Always have FastSkyLUT 1 in this case to avoid wrong sky]]
[2025.01.03-11.49.13:702][  0]LogConfig: Setting CVar [[r.SkyAtmosphere.AerialPerspectiveLUT.SampleCountMaxPerSlice:4]]
[2025.01.03-11.49.13:702][  0]LogConfig: Setting CVar [[r.SkyAtmosphere.AerialPerspectiveLUT.DepthResolution:16.0]]
[2025.01.03-11.49.13:702][  0]LogConfig: Setting CVar [[r.SkyAtmosphere.FastSkyLUT:1]]
[2025.01.03-11.49.13:702][  0]LogConfig: Setting CVar [[r.SkyAtmosphere.FastSkyLUT.SampleCountMin:4.0]]
[2025.01.03-11.49.13:702][  0]LogConfig: Setting CVar [[r.SkyAtmosphere.FastSkyLUT.SampleCountMax:128.0]]
[2025.01.03-11.49.13:702][  0]LogConfig: Setting CVar [[r.SkyAtmosphere.SampleCountMin:4.0]]
[2025.01.03-11.49.13:702][  0]LogConfig: Setting CVar [[r.SkyAtmosphere.SampleCountMax:128.0]]
[2025.01.03-11.49.13:702][  0]LogConfig: Setting CVar [[r.SkyAtmosphere.TransmittanceLUT.UseSmallFormat:0]]
[2025.01.03-11.49.13:702][  0]LogConfig: Setting CVar [[r.SkyAtmosphere.TransmittanceLUT.SampleCount:10.0]]
[2025.01.03-11.49.13:702][  0]LogConfig: Setting CVar [[r.SkyAtmosphere.MultiScatteringLUT.SampleCount:15.0]]
[2025.01.03-11.49.13:702][  0]LogConfig: Setting CVar [[r.SkyLight.RealTimeReflectionCapture:1]]
[2025.01.03-11.49.13:702][  0]LogConfig: Applying CVar settings from Section [FoliageQuality@3] File [C:/Users/1/Documents/Unreal Projects/MyProjectBal/Saved/Config/Windows/Scalability.ini]
[2025.01.03-11.49.13:702][  0]LogConfig: Setting CVar [[foliage.DensityScale:1.0]]
[2025.01.03-11.49.13:702][  0]LogConfig: Setting CVar [[grass.DensityScale:1.0]]
[2025.01.03-11.49.13:702][  0]LogConfig: Applying CVar settings from Section [ShadingQuality@3] File [C:/Users/1/Documents/Unreal Projects/MyProjectBal/Saved/Config/Windows/Scalability.ini]
[2025.01.03-11.49.13:702][  0]LogConfig: Setting CVar [[r.HairStrands.SkyLighting.IntegrationType:2]]
[2025.01.03-11.49.13:702][  0]LogConfig: Setting CVar [[r.HairStrands.SkyAO.SampleCount:4]]
[2025.01.03-11.49.13:702][  0]LogConfig: Setting CVar [[r.HairStrands.Visibility.MSAA.SamplePerPixel:4]]
[2025.01.03-11.49.13:702][  0]LogConfig: Applying CVar settings from Section [Startup] File [../../../Engine/Config/ConsoleVariables.ini]
[2025.01.03-11.49.13:703][  0]LogConfig: Setting CVar [[net.UseAdaptiveNetUpdateFrequency:0]]
[2025.01.03-11.49.13:703][  0]LogConfig: Setting CVar [[p.chaos.AllowCreatePhysxBodies:1]]
[2025.01.03-11.49.13:703][  0]LogConfig: Setting CVar [[fx.SkipVectorVMBackendOptimizations:1]]
[2025.01.03-11.49.13:703][  0]LogConfig: Applying CVar settings from Section [ConsoleVariables] File [C:/Users/1/Documents/Unreal Projects/MyProjectBal/Saved/Config/Windows/Engine.ini]
[2025.01.03-11.49.13:703][  0]LogConfig: Applying CVar settings from Section [ConsoleVariables] File [C:/Users/1/Documents/Unreal Projects/MyProjectBal/Saved/Config/Windows/Editor.ini]
[2025.01.03-11.49.13:703][  0]LogInit: Computer: DESKTOP-54I5C0B
[2025.01.03-11.49.13:703][  0]LogInit: User: 1
[2025.01.03-11.49.13:703][  0]LogInit: CPU Page size=4096, Cores=6
[2025.01.03-11.49.13:703][  0]LogInit: High frequency timer resolution =10.000000 MHz
[2025.01.03-11.49.13:703][  0]LogMemory: Memory total: Physical=31.9GB (32GB approx)
[2025.01.03-11.49.13:703][  0]LogMemory: Platform Memory Stats for Windows
[2025.01.03-11.49.13:703][  0]LogMemory: Process Physical Memory: 146.13 MB used, 146.13 MB peak
[2025.01.03-11.49.13:703][  0]LogMemory: Process Virtual Memory: 132.70 MB used, 132.70 MB peak
[2025.01.03-11.49.13:703][  0]LogMemory: Physical Memory: 6870.11 MB used,  25745.02 MB free, 32615.12 MB total
[2025.01.03-11.49.13:703][  0]LogMemory: Virtual Memory: 134191640.00 MB used,  26085.09 MB free, 134217728.00 MB total
[2025.01.03-11.49.13:707][  0]LogWindows: WindowsPlatformFeatures enabled
[2025.01.03-11.49.13:760][  0]LogInit: Physics initialised using underlying interface: PhysX
[2025.01.03-11.49.13:761][  0]LogInit: Using OS detected language (ru-RU).
[2025.01.03-11.49.13:761][  0]LogInit: Using OS detected locale (ru-RU).
[2025.01.03-11.49.13:764][  0]LogTextLocalizationManager: No specific localization for 'ru-RU' exists, so the 'ru' localization will be used.
[2025.01.03-11.49.13:764][  0]LogTextLocalizationResource: LocRes '../../../Engine/Content/Localization/Editor/ru/Editor.locres' could not be opened for reading!
[2025.01.03-11.49.13:764][  0]LogTextLocalizationResource: LocRes '../../../Engine/Content/Localization/EditorTutorials/ru/EditorTutorials.locres' could not be opened for reading!
[2025.01.03-11.49.13:764][  0]LogTextLocalizationResource: LocRes '../../../Engine/Content/Localization/Keywords/ru/Keywords.locres' could not be opened for reading!
[2025.01.03-11.49.13:764][  0]LogTextLocalizationResource: LocRes '../../../Engine/Content/Localization/Category/ru/Category.locres' could not be opened for reading!
[2025.01.03-11.49.13:764][  0]LogTextLocalizationResource: LocRes '../../../Engine/Content/Localization/ToolTips/ru/ToolTips.locres' could not be opened for reading!
[2025.01.03-11.49.13:765][  0]LogTextLocalizationResource: LocRes '../../../Engine/Content/Localization/PropertyNames/ru/PropertyNames.locres' could not be opened for reading!
[2025.01.03-11.49.13:765][  0]LogTextLocalizationResource: LocRes '../../../Engine/Content/Localization/Engine/ru/Engine.locres' could not be opened for reading!
[2025.01.03-11.49.13:765][  0]LogInit: Setting process to per monitor DPI aware
[2025.01.03-11.49.13:777][  0]LogWindowsTextInputMethodSystem: Display: IME system deactivated.
[2025.01.03-11.49.13:789][  0]LogSlate: New Slate User Created.  User Index 0, Is Virtual User: 0
[2025.01.03-11.49.13:789][  0]LogSlate: Slate User Registered.  User Index 0, Is Virtual User: 0
[2025.01.03-11.49.13:884][  0]LogD3D11RHI: Loaded GFSDK_Aftermath_Lib.x64.dll
[2025.01.03-11.49.13:887][  0]LogHMD: Failed to initialize OpenVR with code 110
[2025.01.03-11.49.13:887][  0]LogD3D11RHI: D3D11 min allowed feature level: 11_0
[2025.01.03-11.49.13:887][  0]LogD3D11RHI: D3D11 max allowed feature level: 11_0
[2025.01.03-11.49.13:887][  0]LogD3D11RHI: D3D11 adapters:
[2025.01.03-11.49.14:053][  0]LogD3D11RHI:    0. 'NVIDIA GeForce RTX 2070' (Feature Level 11_0)
[2025.01.03-11.49.14:053][  0]LogD3D11RHI:       8006/0/16307 MB DedicatedVideo/DedicatedSystem/SharedSystem, Outputs:1, VendorId:0x10de
[2025.01.03-11.49.14:084][  0]LogD3D11RHI:    1. 'Intel(R) UHD Graphics 630' (Feature Level 11_0)
[2025.01.03-11.49.14:084][  0]LogD3D11RHI:       128/0/16307 MB DedicatedVideo/DedicatedSystem/SharedSystem, Outputs:0, VendorId:0x8086
[2025.01.03-11.49.14:086][  0]LogD3D11RHI:    2. 'Microsoft Basic Render Driver' (Feature Level 11_0)
[2025.01.03-11.49.14:086][  0]LogD3D11RHI:       0/0/16307 MB DedicatedVideo/DedicatedSystem/SharedSystem, Outputs:0, VendorId:0x1414
[2025.01.03-11.49.14:086][  0]LogD3D11RHI: Chosen D3D11 Adapter:
[2025.01.03-11.49.14:086][  0]LogD3D11RHI:     Description : NVIDIA GeForce RTX 2070
[2025.01.03-11.49.14:086][  0]LogD3D11RHI:     VendorId    : 10de
[2025.01.03-11.49.14:086][  0]LogD3D11RHI:     DeviceId    : 1f02
[2025.01.03-11.49.14:086][  0]LogD3D11RHI:     SubSysId    : 86791043
[2025.01.03-11.49.14:086][  0]LogD3D11RHI:     Revision    : 00a1
[2025.01.03-11.49.14:086][  0]LogD3D11RHI:     DedicatedVideoMemory : 8394899456 bytes
[2025.01.03-11.49.14:086][  0]LogD3D11RHI:     DedicatedSystemMemory : 0 bytes
[2025.01.03-11.49.14:086][  0]LogD3D11RHI:     SharedSystemMemory : 17099718656 bytes
[2025.01.03-11.49.14:086][  0]LogD3D11RHI:     AdapterLuid : 0 68078
[2025.01.03-11.49.14:091][  0]LogD3D11RHI: Creating new Direct3DDevice
[2025.01.03-11.49.14:091][  0]LogD3D11RHI:     GPU DeviceId: 0x1f02 (for the marketing name, search the web for "GPU Device Id")
[2025.01.03-11.49.14:091][  0]LogWindows: EnumDisplayDevices:
[2025.01.03-11.49.14:091][  0]LogWindows:    0. 'NVIDIA GeForce RTX 2070' (P:1 D:1)
[2025.01.03-11.49.14:091][  0]LogWindows:    1. 'NVIDIA GeForce RTX 2070' (P:0 D:0)
[2025.01.03-11.49.14:091][  0]LogWindows:    2. 'NVIDIA GeForce RTX 2070' (P:0 D:0)
[2025.01.03-11.49.14:092][  0]LogWindows:    3. 'NVIDIA GeForce RTX 2070' (P:0 D:0)
[2025.01.03-11.49.14:092][  0]LogWindows:    4. 'Intel(R) UHD Graphics 630' (P:0 D:0)
[2025.01.03-11.49.14:092][  0]LogWindows:    5. 'Intel(R) UHD Graphics 630' (P:0 D:0)
[2025.01.03-11.49.14:092][  0]LogWindows:    6. 'Intel(R) UHD Graphics 630' (P:0 D:0)
[2025.01.03-11.49.14:093][  0]LogWindows: DebugString: PrimaryIsNotTheChoosenAdapter PrimaryIsNotTheChoosenAdapter PrimaryIsNotTheChoosenAdapter FoundDriverCount:4 
[2025.01.03-11.49.14:093][  0]LogD3D11RHI:     Adapter Name: NVIDIA GeForce RTX 2070
[2025.01.03-11.49.14:093][  0]LogD3D11RHI:   Driver Version: 565.90 (internal:32.0.15.6590, unified:565.90)
[2025.01.03-11.49.14:093][  0]LogD3D11RHI:      Driver Date: 9-26-2024
[2025.01.03-11.49.14:093][  0]LogRHI: Texture pool is 5604 MB (70% of 8006 MB)
[2025.01.03-11.49.14:093][  0]LogD3D11RHI: Creating D3DDevice using adapter:
[2025.01.03-11.49.14:093][  0]LogD3D11RHI:     Description : NVIDIA GeForce RTX 2070
[2025.01.03-11.49.14:093][  0]LogD3D11RHI:     VendorId    : 10de
[2025.01.03-11.49.14:093][  0]LogD3D11RHI:     DeviceId    : 1f02
[2025.01.03-11.49.14:093][  0]LogD3D11RHI:     SubSysId    : 86791043
[2025.01.03-11.49.14:093][  0]LogD3D11RHI:     Revision    : 00a1
[2025.01.03-11.49.14:093][  0]LogD3D11RHI:     DedicatedVideoMemory : 8394899456 bytes
[2025.01.03-11.49.14:093][  0]LogD3D11RHI:     DedicatedSystemMemory : 0 bytes
[2025.01.03-11.49.14:093][  0]LogD3D11RHI:     SharedSystemMemory : 17099718656 bytes
[2025.01.03-11.49.14:093][  0]LogD3D11RHI:     AdapterLuid : 0 68078
[2025.01.03-11.49.14:201][  0]LogD3D11RHI: RHI has support for 64 bit atomics
[2025.01.03-11.49.14:202][  0]LogD3D11RHI: Async texture creation enabled
[2025.01.03-11.49.14:202][  0]LogD3D11RHI: Array index from any shader is supported
[2025.01.03-11.49.14:219][  0]LogD3D11RHI: GPU Timing Frequency: 1000.000000 (Debug: 2 1)
[2025.01.03-11.49.14:283][  0]LogRHI: GeForceNow SDK initialized: 1
[2025.01.03-11.49.14:617][  0]LogTargetPlatformManager: Display: Loaded TargetPlatform 'AllDesktop'
[2025.01.03-11.49.14:638][  0]LogTargetPlatformManager: Display: Loaded TargetPlatform 'Android'
[2025.01.03-11.49.14:638][  0]LogTargetPlatformManager: Display: Loaded TargetPlatform 'Android_ASTC'
[2025.01.03-11.49.14:638][  0]LogTargetPlatformManager: Display: Loaded TargetPlatform 'Android_DXT'
[2025.01.03-11.49.14:638][  0]LogTargetPlatformManager: Display: Loaded TargetPlatform 'Android_ETC2'
[2025.01.03-11.49.14:638][  0]LogTargetPlatformManager: Display: Loaded TargetPlatform 'AndroidClient'
[2025.01.03-11.49.14:638][  0]LogTargetPlatformManager: Display: Loaded TargetPlatform 'Android_ASTCClient'
[2025.01.03-11.49.14:638][  0]LogTargetPlatformManager: Display: Loaded TargetPlatform 'Android_DXTClient'
[2025.01.03-11.49.14:638][  0]LogTargetPlatformManager: Display: Loaded TargetPlatform 'Android_ETC2Client'
[2025.01.03-11.49.14:638][  0]LogTargetPlatformManager: Display: Loaded TargetPlatform 'Android_Multi'
[2025.01.03-11.49.14:638][  0]LogTargetPlatformManager: Display: Loaded TargetPlatform 'Android_MultiClient'
[2025.01.03-11.49.14:653][  0]LogTargetPlatformManager: Display: Loaded TargetPlatform 'IOSClient'
[2025.01.03-11.49.14:653][  0]LogTargetPlatformManager: Display: Loaded TargetPlatform 'IOS'
[2025.01.03-11.49.14:661][  0]LogTargetPlatformManager: Display: Loaded TargetPlatform 'Linux'
[2025.01.03-11.49.14:664][  0]LogTargetPlatformManager: Display: Loaded TargetPlatform 'LinuxNoEditor'
[2025.01.03-11.49.14:668][  0]LogTargetPlatformManager: Display: Loaded TargetPlatform 'LinuxClient'
[2025.01.03-11.49.14:671][  0]LogTargetPlatformManager: Display: Loaded TargetPlatform 'LinuxServer'
[2025.01.03-11.49.14:679][  0]LogTargetPlatformManager: Display: Loaded TargetPlatform 'LinuxAArch64NoEditor'
[2025.01.03-11.49.14:682][  0]LogTargetPlatformManager: Display: Loaded TargetPlatform 'LinuxAArch64Client'
[2025.01.03-11.49.14:686][  0]LogTargetPlatformManager: Display: Loaded TargetPlatform 'LinuxAArch64Server'
[2025.01.03-11.49.14:706][  0]LogTargetPlatformManager: Display: Loaded TargetPlatform 'Lumin'
[2025.01.03-11.49.14:706][  0]LogTargetPlatformManager: Display: Loaded TargetPlatform 'LuminClient'
[2025.01.03-11.49.14:713][  0]LogTargetPlatformManager: Display: Loaded TargetPlatform 'MacNoEditor'
[2025.01.03-11.49.14:716][  0]LogTargetPlatformManager: Display: Loaded TargetPlatform 'Mac'
[2025.01.03-11.49.14:720][  0]LogTargetPlatformManager: Display: Loaded TargetPlatform 'MacClient'
[2025.01.03-11.49.14:723][  0]LogTargetPlatformManager: Display: Loaded TargetPlatform 'MacServer'
[2025.01.03-11.49.14:731][  0]LogTargetPlatformManager: Display: Loaded TargetPlatform 'TVOSClient'
[2025.01.03-11.49.14:731][  0]LogTargetPlatformManager: Display: Loaded TargetPlatform 'TVOS'
[2025.01.03-11.49.14:739][  0]LogTargetPlatformManager: Display: Loaded TargetPlatform 'WindowsNoEditor'
[2025.01.03-11.49.14:742][  0]LogTargetPlatformManager: Display: Loaded TargetPlatform 'Windows'
[2025.01.03-11.49.14:746][  0]LogTargetPlatformManager: Display: Loaded TargetPlatform 'WindowsClient'
[2025.01.03-11.49.14:750][  0]LogTargetPlatformManager: Display: Loaded TargetPlatform 'WindowsServer'
[2025.01.03-11.49.14:750][  0]LogTargetPlatformManager: Display: Building Assets For Windows
[2025.01.03-11.49.14:756][  0]LogAudioDebug: Display: Lib vorbis DLL was dynamically loaded.
[2025.01.03-11.49.14:784][  0]LogTextureFormatOodle: Display: Oodle Texture 2.9.0 init RDO Off
[2025.01.03-11.49.14:811][  0]LogRendererCore: Ray tracing is disabled. Reason: r.RayTracing=0.
[2025.01.03-11.49.14:811][  0]LogShaderCompilers: Guid format shader working directory is -23 characters bigger than the processId version (../../../../../../Users/1/Documents/Unreal Projects/MyProjectBal/Intermediate/Shaders/WorkingDirectory/10184/).
[2025.01.03-11.49.14:811][  0]LogShaderCompilers: Cleaned the shader compiler working directory 'C:/Users/1/AppData/Local/Temp/UnrealShaderWorkingDir/9CC1D19F480C642A9485A1AD66A5038D/'.
[2025.01.03-11.49.14:811][  0]LogXGEController: Cannot use XGE Controller as Incredibuild is not installed on this machine.
[2025.01.03-11.49.14:811][  0]LogShaderCompilers: Cannot use XGE Shader Compiler as Incredibuild is not installed on this machine.
[2025.01.03-11.49.14:811][  0]LogShaderCompilers: Display: Using Local Shader Compiler.
[2025.01.03-11.49.15:431][  0]LogDerivedDataCache: Display: Max Cache Size: 512 MB
[2025.01.03-11.49.15:478][  0]LogDerivedDataCache: Loaded boot cache 0.05s 94MB C:/Users/1/AppData/Local/UnrealEngine/4.27/DerivedDataCache/Boot.ddc.
[2025.01.03-11.49.15:478][  0]LogDerivedDataCache: Display: Loaded Boot cache: C:/Users/1/AppData/Local/UnrealEngine/4.27/DerivedDataCache/Boot.ddc
[2025.01.03-11.49.15:478][  0]LogDerivedDataCache: FDerivedDataBackendGraph:  Pak pak cache file ../../../../../../Users/1/Documents/Unreal Projects/MyProjectBal/DerivedDataCache/DDC.ddp not found, will not use a pak cache.
[2025.01.03-11.49.15:478][  0]LogDerivedDataCache: Unable to find inner node Pak for hierarchical cache Hierarchy.
[2025.01.03-11.49.15:478][  0]LogDerivedDataCache: FDerivedDataBackendGraph:  CompressedPak pak cache file ../../../../../../Users/1/Documents/Unreal Projects/MyProjectBal/DerivedDataCache/Compressed.ddp not found, will not use a pak cache.
[2025.01.03-11.49.15:478][  0]LogDerivedDataCache: Unable to find inner node CompressedPak for hierarchical cache Hierarchy.
[2025.01.03-11.49.15:492][  0]LogDerivedDataCache: Display: Pak cache opened for reading ../../../Engine/DerivedDataCache/Compressed.ddp.
[2025.01.03-11.49.15:492][  0]LogDerivedDataCache: FDerivedDataBackendGraph:  EnterprisePak pak cache file ../../../Enterprise/DerivedDataCache/Compressed.ddp not found, will not use a pak cache.
[2025.01.03-11.49.15:492][  0]LogDerivedDataCache: Unable to find inner node EnterprisePak for hierarchical cache Hierarchy.
[2025.01.03-11.49.15:500][  0]LogDerivedDataCache: Speed tests for C:/Users/1/AppData/Local/UnrealEngine/Common/DerivedDataCache took 0.01 seconds
[2025.01.03-11.49.15:500][  0]LogDerivedDataCache: Display: Performance to C:/Users/1/AppData/Local/UnrealEngine/Common/DerivedDataCache: Latency=0.03ms. RandomReadSpeed=1785.11MBs, RandomWriteSpeed=132.36MBs. Assigned SpeedClass 'Local'
[2025.01.03-11.49.15:501][  0]LogDerivedDataCache: Using Local data cache path C:/Users/1/AppData/Local/UnrealEngine/Common/DerivedDataCache: Writable
[2025.01.03-11.49.15:501][  0]LogDerivedDataCache: Shared data cache path not found in *engine.ini, will not use an Shared cache.
[2025.01.03-11.49.15:501][  0]LogDerivedDataCache: Unable to find inner node Shared for hierarchical cache Hierarchy.
[2025.01.03-11.49.15:539][  0]LogSlate: Using FreeType 2.10.0
[2025.01.03-11.49.15:539][  0]LogSlate: SlateFontServices - WITH_FREETYPE: 1, WITH_HARFBUZZ: 1
[2025.01.03-11.49.15:559][  0]LogAssetRegistry: FAssetRegistry took 0.0022 seconds to start up
[2025.01.03-11.49.15:753][  0]LogInit: Selected Device Profile: [Windows]
[2025.01.03-11.49.15:754][  0]LogInit: Active device profile: [00000167BD7C4700][00000167B6235100 49] Windows
[2025.01.03-11.49.15:754][  0]LogInit: Profiles: [00000167BD7C4700][00000167B6235100 49] Windows, [00000167BD78B700][00000167B623D280 49] WindowsNoEditor, [00000167BD7C7300][00000167BC21D400 49] WindowsServer, [00000167BD788F00][00000167BC221580 49] WindowsClient, [00000167BD7C7500][00000167BC225700 49] IOS, [00000167BD743F00][00000167BAE3F880 49] iPadAir, [00000167BD78BB00][00000167BEA89A00 49] iPadAir2, [00000167BD6F0500][00000167B62AA140 49] IPadPro, [00000167BD6F0600][00000167B9E08180 49] iPadAir3, [00000167BD740100][00000167B62BA300 49] iPadAir4, [00000167BD6F2C00][00000167B62BE480 49] iPadMini2, [00000167BD742500][00000167B62C6600 49] iPadMini3, [00000167BD6F3400][00000167B6238740 49] iPadMini4, [00000167BD740F00][00000167BE5AA880 49] iPadMini5, [00000167BD6E3E00][00000167BE5B2AC0 49] iPhone6, [00000167BD6E3F00][00000167BE5AEB00 49] iPodTouch6, [00000167BD7C7900][00000167BE5BEDC0 49] iPhone7, [00000167BD7C6100][00000167BE5BAE00 49] iPodTouch7, [00000167BD6E0400][00000167BE5C2F80 49] iPhone5S, [00000167BD6F3D00][00000167BC1E3100 49] iPhone6Plus, [00000167BD7C7400][00000167BC1E7280 49] iPhone6S, [00000167BD6F2000][00000167BC1EB400 49] iPhone6SPlus, [00000167BD7C4900][00000167BAE1F580 49] iPhone7Plus, [00000167BD6F0E00][00000167BAE23700 49] iPhoneSE, [00000167BD7C4200][00000167BAE27880 49] iPhone8, [00000167BD6F2400][00000167BAE2BA00 49] iPhone8Plus, [00000167BD7C5E00][00000167B625FB80 49] iPhoneX, [00000167BD6F3E00][00000167B6262180 49] iPhoneXS, [00000167BD7C5600][00000167B6266300 49] iPhoneXSMax, [00000167BD6F2500][00000167B626E480 49] iPhoneXR, [00000167BD7C6A00][00000167B6272600 49] iPhone11, [00000167BD6F3A00][00000167B6276780 49] iPhone11Pro, [00000167BD7C4F00][00000167B627A900 49] iPhone11ProMax, [00000167BD6F2300][00000167BE5B6A40 49] iPhoneSE2, [00000167BD7C6700][00000167B61F2B80 49] iPhone12Mini, [00000167BD6F0700][00000167BAE2ECC0 49] iPhone12, [00000167BD7C7100][00000167B6218E40 49] iPhone12Pro, [00000167BD6F3500][00000167B621CFC0 49] iPhone12ProMax, [00000167BD7C4800][00000167B6221140 49] iPadPro105, [00000167BD6F1C00][00000167B62252C0 49] iPadPro129, [00000167BD7C4300][00000167B9E05440 49] iPadPro97, [00000167BD6F1D00][00000167B9E015C0 49] iPadPro2_129, [00000167BD7C4C00][00000167BEA8D740 49] iPad5, [00000167BD6F3000][00000167BEA858C0 49] iPad6, [00000167BD7C6C00][00000167BAE3BA40 49] iPad7, [00000167BD6F2E00][00000167BAE37BC0 49] iPad8, [00000167BD7C5800][00000167BAE321C0 49] iPadPro11, [00000167BD6F1B00][00000167BE660340 49] iPadPro2_11, [00000167BD7C5500][00000167BE6644C0 49] iPadPro3_129, [00000167BD6F2700][00000167B6228640 49] iPadPro4_129, [00000167BD7C4100][00000167B622C7C0 49] AppleTV, [00000167BD6F2B00][00000167B6230940 49] AppleTV4K, [00000167BD7C5B00][00000167BEA4CAC0 49] TVOS, [00000167BD6F0900][00000167B626AC00 49] Mac, [00000167BD7C5700][00000167BEA50D40 49] MacClient, [00000167BD6F2F00][00000167BEA54E80 49] MacNoEditor, [00000167BD7C4D00][00000167BEA58FC0 49] MacServer, [00000167BD6F0300][00000167BEA61140 49] Linux, [00000167BD7C6E00][00000167BEA652C0 49] LinuxAArch64, [00000167BD6F1500][00000167BEA69440 49] LinuxNoEditor, [00000167BD7C6400][00000167BEA6D5C0 49] LinuxAArch64NoEditor, [00000167BD6F0200][00000167BEA71740 49] LinuxClient, [00000167BD7C6D00][00000167BE4F38C0 49] LinuxAArch64Client, [00000167BD6F0C00][00000167BE4F7A40 49] LinuxServer, [00000167BD7C4400][00000167BE4FBBC0 49] LinuxAArch64Server, [00000167BD6F1000][00000167BE4FE1C0 49] Android, [00000167BD743900][00000167BE502340 49] Android_Low, [00000167BD6E1B00][00000167BE5064C0 49] Android_Mid, [00000167BD743000][00000167BE50A640 49] Android_High, [00000167BD6E2300][00000167BE50E7C0 49] Android_Default, [00000167BD742000][00000167BE512940 49] Android_Adreno4xx, [00000167BD6E0100][00000167BE516AC0 49] Android_Adreno5xx_Low, [00000167BD740B00][00000167BE51AC40 49] Android_Adreno5xx, [00000167BD6E1800][00000167BEA5CD80 49] Android_Adreno6xx, [00000167BD741100][00000167BE51EEC0 49] Android_Adreno6xx_Vulkan, [00000167BD6E0800][00000167BE523000 49] Android_Mali_T6xx, [00000167BD743600][00000167BE527140 49] Android_Mali_T7xx, [00000167BD6E0D00][00000167BE5CB2C0 49] Android_Mali_T8xx, [00000167BD743C00][00000167BE5CF440 49] Android_Mali_G71, [00000167BD6E1500][00000167BE5D35C0 49] Android_Mali_G72, [00000167BD743E00][00000167BE5D7740 49] Android_Mali_G72_Vulkan, [00000167BD6E3D00][00000167BE5DB8C0 49] Android_Mali_G76, [00000167BD743A00][00000167BE5DFA40 49] Android_Mali_G76_Vulkan, [00000167BD6E3600][00000167BE5E3BC0 49] Android_Mali_G77, [00000167BD742200][00000167BE5E61C0 49] Android_Mali_G77_Vulkan, [00000167BD6E1200][00000167BE5EA340 49] Android_Mali_G78, [00000167BD740A00][00000167BE5EE4C0 49] Android_Mali_G78_Vulkan, [00000167BD6E3000][00000167BE5F2640 49] Android_Mali_G710, [00000167BD741400][00000167BE5F67C0 49] Android_Mali_G710_Vulkan, [00000167BD6E0700][00000167BE5FA940 49] Android_Vulkan_SM5, [00000167BD741800][00000167BE5FEAC0 49] Android_PowerVR_G6xxx, [00000167BD6E0E00][00000167BE602C40 49] Android_PowerVR_GT7xxx, [00000167BD740200][00000167BE606DC0 49] Android_PowerVR_GE8xxx, [00000167BD6E0600][00000167BE60AF40 49] Android_PowerVR_GM9xxx, [00000167BD742600][00000167BE5C7080 49] Android_PowerVR_GM9xxx_Vulkan, [00000167BD6F0F00][00000167BE60F1C0 49] Android_TegraK1, [00000167BD742A00][00000167BE613300 49] Android_Unknown_Vulkan, [00000167BD6F0D00][00000167BE61B480 49] Lumin, [00000167BD741200][00000167BE61F600 49] Lumin_Desktop, [00000167BD6F0B00][00000167BE623780 49] HoloLens, 
[2025.01.03-11.49.15:858][  0]LogMeshReduction: Using QuadricMeshReduction for automatic static mesh reduction
[2025.01.03-11.49.15:858][  0]LogMeshReduction: Using SimplygonMeshReduction for automatic skeletal mesh reduction
[2025.01.03-11.49.15:858][  0]LogMeshReduction: Using ProxyLODMeshReduction for automatic mesh merging
[2025.01.03-11.49.15:858][  0]LogMeshReduction: No distributed automatic mesh merging module available
[2025.01.03-11.49.15:858][  0]LogMeshMerging: No distributed automatic mesh merging module available
[2025.01.03-11.49.15:870][  0]LogNetVersion: MyProjectBal 1.0.0, NetCL: 17155196, EngineNetVer: 17, GameNetVer: 0 (Checksum: 1231902587)
[2025.01.03-11.49.16:171][  0]LogTexture: Default maximum texture size for cubemaps generated from long-lat sources has been changed from 512 to unlimited. In order to preserve old behaiour for '/Engine/MapTemplates/Sky/DaylightAmbientCubemap.DaylightAmbientCubemap', its maximum texture size has been explicitly set to 512.
[2025.01.03-11.49.16:214][  0]LogHMD: PokeAHoleMaterial loaded successfully
[2025.01.03-11.49.16:219][  0]LogUObjectArray: 17178 objects as part of root set at end of initial load.
[2025.01.03-11.49.16:219][  0]LogUObjectAllocator: 4302048 out of 0 bytes used by permanent object pool.
[2025.01.03-11.49.16:219][  0]LogUObjectArray: CloseDisregardForGC: 0/0 objects in disregard for GC pool
[2025.01.03-11.49.16:516][  0]LogPython: Using Python 3.7.7
[2025.01.03-11.49.16:937][  0]LogNiagaraDebuggerClient: Niagara Debugger Client Initialized | Session: 3DE814954D36578EF89781AA5ADF4DBB | Instance: 1983AFF249B8020C573FAEB0D0F7AB1B (DESKTOP-54I5C0B-10184).
[2025.01.03-11.49.16:987][  0]LogTcpMessaging: Initializing TcpMessaging bridge
[2025.01.03-11.49.16:991][  0]LogUdpMessaging: Initializing bridge on interface 0.0.0.0:0 to multicast group 230.0.0.1:6666.
[2025.01.03-11.49.17:120][  0]SourceControl: Source control is disabled
[2025.01.03-11.49.17:120][  0]SourceControl: Source control is disabled
[2025.01.03-11.49.17:123][  0]SourceControl: Source control is disabled
[2025.01.03-11.49.17:125][  0]SourceControl: Source control is disabled
[2025.01.03-11.49.17:133][  0]SourceControl: Source control is disabled
[2025.01.03-11.49.17:139][  0]LogUProjectInfo: Found projects:
[2025.01.03-11.49.17:142][  0]LogVSAccessor: Display: Unable to create Visual Studio setup instance: 80040154
[2025.01.03-11.49.17:143][  0]LogVSAccessor: Display: Unable to create Visual Studio setup instance: 80040154
[2025.01.03-11.49.17:143][  0]LogVSAccessor: Display: Unable to create Visual Studio setup instance: 80040154
[2025.01.03-11.49.17:328][  0]LogOpenImageDenoise: OIDN starting up
[2025.01.03-11.49.17:361][  0]LogAndroidPermission: UAndroidPermissionCallbackProxy::GetInstance
[2025.01.03-11.49.17:374][  0]LogAudioCaptureCore: Display: No Audio Capture implementations found. Audio input will be silent.
[2025.01.03-11.49.17:374][  0]LogAudioCaptureCore: Display: No Audio Capture implementations found. Audio input will be silent.
[2025.01.03-11.49.17:478][  0]LogCollectionManager: Loaded 0 collections in 0.001434 seconds
[2025.01.03-11.49.17:500][  0]LogFileCache: Scanning file cache for directory 'C:/Users/1/Documents/Unreal Projects/MyProjectBal/Saved/Collections/' took 0.00s
[2025.01.03-11.49.17:500][  0]LogFileCache: Scanning file cache for directory 'C:/Users/1/Documents/Unreal Projects/MyProjectBal/Content/Developers/1/Collections/' took 0.00s
[2025.01.03-11.49.17:500][  0]LogFileCache: Scanning file cache for directory 'C:/Users/1/Documents/Unreal Projects/MyProjectBal/Content/Collections/' took 0.00s
[2025.01.03-11.49.17:500][  0]LogOcInput: OculusInput pre-init called
[2025.01.03-11.49.17:696][  0]LogEngine: Initializing Engine...
[2025.01.03-11.49.17:698][  0]LogHMD: Failed to enumerate extensions. Please check that you have a valid OpenXR runtime installed.
[2025.01.03-11.49.17:699][  0]LogHMD: Failed to initialize OpenVR with code 110
[2025.01.03-11.49.17:699][  0]LogMagicLeap: Warning: VR disabled because ZI is not enabled.  To enable, in the editor, Edit -> Project Settings -> Plugins -> Magic Leap Plugin -> Enable Zero Iteration
[2025.01.03-11.49.17:699][  0]LogStats: UGameplayTagsManager::InitializeManager -  0.000 s
[2025.01.03-11.49.17:790][  0]LogInit: Initializing FReadOnlyCVARCache
[2025.01.03-11.49.17:797][  0]LogAIModule: Creating AISystem for world Untitled
[2025.01.03-11.49.17:806][  0]LogAudio: Display: Initializing Audio Device Manager...
[2025.01.03-11.49.17:809][  0]LogAudio: Display: Loading Default Audio Settings Objects...
[2025.01.03-11.49.17:810][  0]LogAudio: Display: No default SoundConcurrencyObject specified (or failed to load).
[2025.01.03-11.49.17:810][  0]LogAudio: Display: Audio Device Manager Initialized
[2025.01.03-11.49.17:810][  0]LogAudio: Display: Creating Audio Device:                 Id: 1, Scope: Shared, Realtime: True
[2025.01.03-11.49.17:810][  0]LogAudioMixer: Display: Audio Mixer Platform Settings:
[2025.01.03-11.49.17:810][  0]LogAudioMixer: Display: 	Sample Rate:						  48000
[2025.01.03-11.49.17:810][  0]LogAudioMixer: Display: 	Callback Buffer Frame Size Requested: 1024
[2025.01.03-11.49.17:810][  0]LogAudioMixer: Display: 	Callback Buffer Frame Size To Use:	  1024
[2025.01.03-11.49.17:810][  0]LogAudioMixer: Display: 	Number of buffers to queue:			  2
[2025.01.03-11.49.17:810][  0]LogAudioMixer: Display: 	Max Channels (voices):				  32
[2025.01.03-11.49.17:810][  0]LogAudioMixer: Display: 	Number of Async Source Workers:		  0
[2025.01.03-11.49.17:810][  0]LogAudio: Display: AudioDevice MaxSources: 32
[2025.01.03-11.49.17:810][  0]LogAudio: Display: Audio Spatialization Plugin: None (built-in).
[2025.01.03-11.49.17:810][  0]LogAudio: Display: Audio Reverb Plugin: None (built-in).
[2025.01.03-11.49.17:810][  0]LogAudio: Display: Audio Occlusion Plugin: None (built-in).
[2025.01.03-11.49.17:810][  0]LogAudioMixer: Display: Initializing audio mixer.
[2025.01.03-11.49.17:826][  0]LogAudioMixer: Display: 0: FrontLeft
[2025.01.03-11.49.17:826][  0]LogAudioMixer: Display: 1: FrontRight
[2025.01.03-11.49.17:868][  0]LogAudioMixer: Display: Using Audio Device Динамики (Realtek(R) Audio)
[2025.01.03-11.49.17:869][  0]LogAudioMixer: Display: Initializing Sound Submixes...
[2025.01.03-11.49.17:871][  0]LogAudioMixer: Display: Creating Master Submix 'MasterSubmixDefault'
[2025.01.03-11.49.17:871][  0]LogAudioMixer: Display: Creating Master Submix 'MasterReverbSubmixDefault'
[2025.01.03-11.49.17:871][  0]LogAudioMixer: Display: Creating Master Submix 'MasterEQSubmixDefault'
[2025.01.03-11.49.17:872][  0]LogAudioMixer: FMixerPlatformXAudio2::StartAudioStream() called
[2025.01.03-11.49.17:872][  0]LogAudioMixer: Display: Output buffers initialized: Frames=1024, Channels=2, Samples=2048
[2025.01.03-11.49.17:872][  0]LogAudioMixer: Display: Starting AudioMixerPlatformInterface::RunInternal()
[2025.01.03-11.49.17:872][  0]LogAudioMixer: Display: FMixerPlatformXAudio2::SubmitBuffer() called for the first time
[2025.01.03-11.49.17:872][  0]LogInit: FAudioDevice initialized.
[2025.01.03-11.49.17:872][  0]LogAudio: Display: Audio Device (ID: 1) registered with world 'Untitled'.
[2025.01.03-11.49.17:873][  0]LogNetVersion: Set ProjectVersion to 1.0.0.0. Version Checksum will be recalculated on next use.
[2025.01.03-11.49.17:914][  0]LogDerivedDataCache: Saved boot cache 0.04s 94MB C:/Users/1/AppData/Local/UnrealEngine/4.27/DerivedDataCache/Boot.ddc.
[2025.01.03-11.49.17:914][  0]LogInit: Texture streaming: Enabled
[2025.01.03-11.49.17:923][  0]LogAnalytics: Display: [UEEditor.Rocket.Release] APIServer = https://datarouter.ol.epicgames.com/. AppVersion = 4.27.2-18319896+++UE4+Release-4.27
[2025.01.03-11.49.17:927][  0]LogEngineSessionManager: EngineSessionManager initialized
[2025.01.03-11.49.17:927][  0]LogEditorSessionSummary: Verbose: Initializing EditorSessionSummaryWriter for editor session tracking
[2025.01.03-11.49.17:930][  0]LogEditorSessionSummary: EditorSessionSummaryWriter initialized
[2025.01.03-11.49.17:953][  0]LogInit: Transaction tracking system initialized
[2025.01.03-11.49.17:971][  0]BlueprintLog: New page: Editor Load
[2025.01.03-11.49.18:021][  0]LocalizationService: Localization service is disabled
[2025.01.03-11.49.18:041][  0]TimingProfiler: Initialize
[2025.01.03-11.49.18:041][  0]TimingProfiler: OnSessionChanged
[2025.01.03-11.49.18:041][  0]LoadingProfiler: Initialize
[2025.01.03-11.49.18:041][  0]LoadingProfiler: OnSessionChanged
[2025.01.03-11.49.18:041][  0]NetworkingProfiler: Initialize
[2025.01.03-11.49.18:041][  0]NetworkingProfiler: OnSessionChanged
[2025.01.03-11.49.18:041][  0]MemoryProfiler: Initialize
[2025.01.03-11.49.18:041][  0]MemoryProfiler: OnSessionChanged
[2025.01.03-11.49.18:089][  0]LogVSAccessor: Display: Unable to create Visual Studio setup instance: 80040154
[2025.01.03-11.49.18:089][  0]LogVSAccessor: Display: Unable to create Visual Studio setup instance: 80040154
[2025.01.03-11.49.18:089][  0]LogVSAccessor: Display: Unable to create Visual Studio setup instance: 80040154
[2025.01.03-11.49.18:166][  0]LogCook: Display: CookSettings for Memory: MemoryMaxUsedVirtual 0MiB, MemoryMaxUsedPhysical 16384MiB, MemoryMinFreeVirtual 0MiB, MemoryMinFreePhysical 1024MiB
[2025.01.03-11.49.18:166][  0]LogCook: Display: Mobile HDR setting 1
[2025.01.03-11.49.18:322][  0]LogFileCache: Scanning file cache for directory 'C:/Users/1/Documents/Unreal Projects/MyProjectBal/Content/' took 0.00s
[2025.01.03-11.49.18:478][  0]LogInit: Display: Engine is initialized. Leaving FEngineLoop::Init()
[2025.01.03-11.49.18:481][  0]SourceControl: Source control is disabled
[2025.01.03-11.49.18:481][  0]LogUnrealEdMisc: Loading editor; pre map load, took 5.802
[2025.01.03-11.49.18:481][  0]Cmd: MAP LOAD FILE="../../../../../../Users/1/Documents/Unreal Projects/MyProjectBal/Content/StarterContent/Maps/Minimal_Default.umap" TEMPLATE=0 SHOWPROGRESS=1 FEATURELEVEL=3
[2025.01.03-11.49.18:482][  0]LightingResults: New page: Lighting Build
[2025.01.03-11.49.18:483][  0]LogWorld: UWorld::CleanupWorld for Untitled, bSessionEnded=true, bCleanupResources=true
[2025.01.03-11.49.18:483][  0]LogSlate: InvalidateAllWidgets triggered.  All widgets were invalidated
[2025.01.03-11.49.18:483][  0]MapCheck: New page: Map Check
[2025.01.03-11.49.18:483][  0]LightingResults: New page: Lighting Build
[2025.01.03-11.49.18:488][  0]LogAudio: Display: Audio Device unregistered from world 'None'.
[2025.01.03-11.49.18:490][  0]LogUObjectHash: Compacting FUObjectHashTables data took   0.63ms
[2025.01.03-11.49.18:595][  0]LogTexture: Display: Building textures: DeprecatedTexture8D91C9AE4C6B8D628CDA3C848426284A (BGRA8, 128X128)
[2025.01.03-11.49.18:595][  0]LogTexture: Display: Building textures: DeprecatedTextureD6C57B644F03DADF4F2699848FAEA3C3 (BGRA8, 128X128)
[2025.01.03-11.49.18:601][  0]LogAudio: Display: Audio Device (ID: 1) registered with world 'Minimal_Default'.
[2025.01.03-11.49.18:602][  0]LogAIModule: Creating AISystem for world Minimal_Default
[2025.01.03-11.49.18:615][  0]LogEditorServer: Finished looking for orphan Actors (0.000 secs)
[2025.01.03-11.49.18:622][  0]LogUObjectHash: Compacting FUObjectHashTables data took   0.73ms
[2025.01.03-11.49.18:622][  0]Cmd: MAP CHECKDEP NOCLEARLOG
[2025.01.03-11.49.18:622][  0]MapCheck: Map check complete: 0 Error(s), 0 Warning(s), took 0,152ms to complete.
[2025.01.03-11.49.18:622][  0]LogFileHelpers: Loading map 'Minimal_Default' took 0.142
[2025.01.03-11.49.18:624][  0]LogUnrealEdMisc: Total Editor Startup Time, took 5.945
[2025.01.03-11.49.18:742][  0]LogSlate: Updating window title bar state: overlay mode, drag disabled, window buttons hidden, title bar hidden
[2025.01.03-11.49.18:747][  0]LogSlate: Updating window title bar state: overlay mode, drag disabled, window buttons hidden, title bar hidden
[2025.01.03-11.49.18:752][  0]LogSlate: Updating window title bar state: overlay mode, drag disabled, window buttons hidden, title bar hidden
[2025.01.03-11.49.18:757][  0]LogSlate: Updating window title bar state: overlay mode, drag disabled, window buttons hidden, title bar hidden
[2025.01.03-11.49.18:769][  0]LogNativeClassHierarchy: Verbose: Native class hierarchy populated in 0.0079 seconds. Added 3822 classes and 928 folders.
[2025.01.03-11.49.18:771][  0]LogNativeClassHierarchy: Verbose: Native class hierarchy updated for 'WidgetCarousel' in 0.0002 seconds. Added 0 classes and 0 folders.
[2025.01.03-11.49.18:773][  0]LogPakFile: PakFile PrimaryIndexSize=187
[2025.01.03-11.49.18:773][  0]LogPakFile: PakFile PathHashIndexSize=101
[2025.01.03-11.49.18:773][  0]LogPakFile: PakFile FullDirectoryIndexSize=148
[2025.01.03-11.49.18:773][  0]LogShaderLibrary: Display: ShaderCodeLibraryPakFileMountedCallback: PakFile 'C:/Program Files/Epic Games/UE_4.27/FeaturePacks/FP_FirstPerson.upack' (chunk index -1, root 'root:/') mounted
[2025.01.03-11.49.18:773][  0]LogShaderLibrary: Display: ShaderCodeLibraryPakFileMountedCallback: pending pak file info (ChunkID:-1 Root:root:/ File:C:/Program Files/Epic Games/UE_4.27/FeaturePacks/FP_FirstPerson.upack)
[2025.01.03-11.49.18:773][  0]LogPakFile: OnPakFileMounted2Time == 0.000049
[2025.01.03-11.49.18:773][  0]LogPakFile: PakFile PrimaryIndexSize=189
[2025.01.03-11.49.18:773][  0]LogPakFile: PakFile PathHashIndexSize=101
[2025.01.03-11.49.18:773][  0]LogPakFile: PakFile FullDirectoryIndexSize=152
[2025.01.03-11.49.18:773][  0]LogShaderLibrary: Display: ShaderCodeLibraryPakFileMountedCallback: PakFile 'C:/Program Files/Epic Games/UE_4.27/FeaturePacks/FP_FirstPersonBP.upack' (chunk index -1, root 'root:/') mounted
[2025.01.03-11.49.18:773][  0]LogShaderLibrary: Display: ShaderCodeLibraryPakFileMountedCallback: pending pak file info (ChunkID:-1 Root:root:/ File:C:/Program Files/Epic Games/UE_4.27/FeaturePacks/FP_FirstPersonBP.upack)
[2025.01.03-11.49.18:773][  0]LogPakFile: OnPakFileMounted2Time == 0.000032
[2025.01.03-11.49.18:774][  0]LogPakFile: PakFile PrimaryIndexSize=191
[2025.01.03-11.49.18:774][  0]LogPakFile: PakFile PathHashIndexSize=101
[2025.01.03-11.49.18:774][  0]LogPakFile: PakFile FullDirectoryIndexSize=160
[2025.01.03-11.49.18:774][  0]LogShaderLibrary: Display: ShaderCodeLibraryPakFileMountedCallback: PakFile 'C:/Program Files/Epic Games/UE_4.27/FeaturePacks/MobileStarterContent.upack' (chunk index -1, root 'root:/') mounted
[2025.01.03-11.49.18:774][  0]LogShaderLibrary: Display: ShaderCodeLibraryPakFileMountedCallback: pending pak file info (ChunkID:-1 Root:root:/ File:C:/Program Files/Epic Games/UE_4.27/FeaturePacks/MobileStarterContent.upack)
[2025.01.03-11.49.18:774][  0]LogPakFile: OnPakFileMounted2Time == 0.000032
[2025.01.03-11.49.18:774][  0]LogPakFile: PakFile PrimaryIndexSize=185
[2025.01.03-11.49.18:774][  0]LogPakFile: PakFile PathHashIndexSize=101
[2025.01.03-11.49.18:774][  0]LogPakFile: PakFile FullDirectoryIndexSize=148
[2025.01.03-11.49.18:774][  0]LogShaderLibrary: Display: ShaderCodeLibraryPakFileMountedCallback: PakFile 'C:/Program Files/Epic Games/UE_4.27/FeaturePacks/StarterContent.upack' (chunk index -1, root 'root:/') mounted
[2025.01.03-11.49.18:774][  0]LogShaderLibrary: Display: ShaderCodeLibraryPakFileMountedCallback: pending pak file info (ChunkID:-1 Root:root:/ File:C:/Program Files/Epic Games/UE_4.27/FeaturePacks/StarterContent.upack)
[2025.01.03-11.49.18:774][  0]LogPakFile: OnPakFileMounted2Time == 0.000031
[2025.01.03-11.49.18:775][  0]LogPakFile: PakFile PrimaryIndexSize=190
[2025.01.03-11.49.18:775][  0]LogPakFile: PakFile PathHashIndexSize=101
[2025.01.03-11.49.18:775][  0]LogPakFile: PakFile FullDirectoryIndexSize=154
[2025.01.03-11.49.18:775][  0]LogShaderLibrary: Display: ShaderCodeLibraryPakFileMountedCallback: PakFile 'C:/Program Files/Epic Games/UE_4.27/FeaturePacks/TP_2DSideScroller.upack' (chunk index -1, root 'root:/') mounted
[2025.01.03-11.49.18:775][  0]LogShaderLibrary: Display: ShaderCodeLibraryPakFileMountedCallback: pending pak file info (ChunkID:-1 Root:root:/ File:C:/Program Files/Epic Games/UE_4.27/FeaturePacks/TP_2DSideScroller.upack)
[2025.01.03-11.49.18:775][  0]LogPakFile: OnPakFileMounted2Time == 0.000033
[2025.01.03-11.49.18:775][  0]LogPakFile: PakFile PrimaryIndexSize=192
[2025.01.03-11.49.18:775][  0]LogPakFile: PakFile PathHashIndexSize=101
[2025.01.03-11.49.18:775][  0]LogPakFile: PakFile FullDirectoryIndexSize=158
[2025.01.03-11.49.18:775][  0]LogShaderLibrary: Display: ShaderCodeLibraryPakFileMountedCallback: PakFile 'C:/Program Files/Epic Games/UE_4.27/FeaturePacks/TP_2DSideScrollerBP.upack' (chunk index -1, root 'root:/') mounted
[2025.01.03-11.49.18:775][  0]LogShaderLibrary: Display: ShaderCodeLibraryPakFileMountedCallback: pending pak file info (ChunkID:-1 Root:root:/ File:C:/Program Files/Epic Games/UE_4.27/FeaturePacks/TP_2DSideScrollerBP.upack)
[2025.01.03-11.49.18:775][  0]LogPakFile: OnPakFileMounted2Time == 0.000029
[2025.01.03-11.49.18:776][  0]LogPakFile: PakFile PrimaryIndexSize=182
[2025.01.03-11.49.18:776][  0]LogPakFile: PakFile PathHashIndexSize=101
[2025.01.03-11.49.18:776][  0]LogPakFile: PakFile FullDirectoryIndexSize=138
[2025.01.03-11.49.18:776][  0]LogShaderLibrary: Display: ShaderCodeLibraryPakFileMountedCallback: PakFile 'C:/Program Files/Epic Games/UE_4.27/FeaturePacks/TP_Flying.upack' (chunk index -1, root 'root:/') mounted
[2025.01.03-11.49.18:776][  0]LogShaderLibrary: Display: ShaderCodeLibraryPakFileMountedCallback: pending pak file info (ChunkID:-1 Root:root:/ File:C:/Program Files/Epic Games/UE_4.27/FeaturePacks/TP_Flying.upack)
[2025.01.03-11.49.18:776][  0]LogPakFile: OnPakFileMounted2Time == 0.000029
[2025.01.03-11.49.18:776][  0]LogPakFile: PakFile PrimaryIndexSize=184
[2025.01.03-11.49.18:776][  0]LogPakFile: PakFile PathHashIndexSize=101
[2025.01.03-11.49.18:776][  0]LogPakFile: PakFile FullDirectoryIndexSize=142
[2025.01.03-11.49.18:776][  0]LogShaderLibrary: Display: ShaderCodeLibraryPakFileMountedCallback: PakFile 'C:/Program Files/Epic Games/UE_4.27/FeaturePacks/TP_FlyingBP.upack' (chunk index -1, root 'root:/') mounted
[2025.01.03-11.49.18:776][  0]LogShaderLibrary: Display: ShaderCodeLibraryPakFileMountedCallback: pending pak file info (ChunkID:-1 Root:root:/ File:C:/Program Files/Epic Games/UE_4.27/FeaturePacks/TP_FlyingBP.upack)
[2025.01.03-11.49.18:776][  0]LogPakFile: OnPakFileMounted2Time == 0.000029
[2025.01.03-11.49.18:777][  0]LogPakFile: PakFile PrimaryIndexSize=188
[2025.01.03-11.49.18:777][  0]LogPakFile: PakFile PathHashIndexSize=101
[2025.01.03-11.49.18:777][  0]LogPakFile: PakFile FullDirectoryIndexSize=150
[2025.01.03-11.49.18:777][  0]LogShaderLibrary: Display: ShaderCodeLibraryPakFileMountedCallback: PakFile 'C:/Program Files/Epic Games/UE_4.27/FeaturePacks/TP_HandheldARBP.upack' (chunk index -1, root 'root:/') mounted
[2025.01.03-11.49.18:777][  0]LogShaderLibrary: Display: ShaderCodeLibraryPakFileMountedCallback: pending pak file info (ChunkID:-1 Root:root:/ File:C:/Program Files/Epic Games/UE_4.27/FeaturePacks/TP_HandheldARBP.upack)
[2025.01.03-11.49.18:777][  0]LogPakFile: OnPakFileMounted2Time == 0.000029
[2025.01.03-11.49.18:777][  0]LogPakFile: PakFile PrimaryIndexSize=182
[2025.01.03-11.49.18:777][  0]LogPakFile: PakFile PathHashIndexSize=101
[2025.01.03-11.49.18:777][  0]LogPakFile: PakFile FullDirectoryIndexSize=138
[2025.01.03-11.49.18:777][  0]LogShaderLibrary: Display: ShaderCodeLibraryPakFileMountedCallback: PakFile 'C:/Program Files/Epic Games/UE_4.27/FeaturePacks/TP_Puzzle.upack' (chunk index -1, root 'root:/') mounted
[2025.01.03-11.49.18:777][  0]LogShaderLibrary: Display: ShaderCodeLibraryPakFileMountedCallback: pending pak file info (ChunkID:-1 Root:root:/ File:C:/Program Files/Epic Games/UE_4.27/FeaturePacks/TP_Puzzle.upack)
[2025.01.03-11.49.18:777][  0]LogPakFile: OnPakFileMounted2Time == 0.000030
[2025.01.03-11.49.18:778][  0]LogPakFile: PakFile PrimaryIndexSize=184
[2025.01.03-11.49.18:778][  0]LogPakFile: PakFile PathHashIndexSize=101
[2025.01.03-11.49.18:778][  0]LogPakFile: PakFile FullDirectoryIndexSize=142
[2025.01.03-11.49.18:778][  0]LogShaderLibrary: Display: ShaderCodeLibraryPakFileMountedCallback: PakFile 'C:/Program Files/Epic Games/UE_4.27/FeaturePacks/TP_PuzzleBP.upack' (chunk index -1, root 'root:/') mounted
[2025.01.03-11.49.18:778][  0]LogShaderLibrary: Display: ShaderCodeLibraryPakFileMountedCallback: pending pak file info (ChunkID:-1 Root:root:/ File:C:/Program Files/Epic Games/UE_4.27/FeaturePacks/TP_PuzzleBP.upack)
[2025.01.03-11.49.18:778][  0]LogPakFile: OnPakFileMounted2Time == 0.000029
[2025.01.03-11.49.18:778][  0]LogPakFile: PakFile PrimaryIndexSize=183
[2025.01.03-11.49.18:778][  0]LogPakFile: PakFile PathHashIndexSize=101
[2025.01.03-11.49.18:778][  0]LogPakFile: PakFile FullDirectoryIndexSize=140
[2025.01.03-11.49.18:778][  0]LogShaderLibrary: Display: ShaderCodeLibraryPakFileMountedCallback: PakFile 'C:/Program Files/Epic Games/UE_4.27/FeaturePacks/TP_Rolling.upack' (chunk index -1, root 'root:/') mounted
[2025.01.03-11.49.18:778][  0]LogShaderLibrary: Display: ShaderCodeLibraryPakFileMountedCallback: pending pak file info (ChunkID:-1 Root:root:/ File:C:/Program Files/Epic Games/UE_4.27/FeaturePacks/TP_Rolling.upack)
[2025.01.03-11.49.18:778][  0]LogPakFile: OnPakFileMounted2Time == 0.000029
[2025.01.03-11.49.18:779][  0]LogPakFile: PakFile PrimaryIndexSize=185
[2025.01.03-11.49.18:779][  0]LogPakFile: PakFile PathHashIndexSize=101
[2025.01.03-11.49.18:779][  0]LogPakFile: PakFile FullDirectoryIndexSize=144
[2025.01.03-11.49.18:779][  0]LogShaderLibrary: Display: ShaderCodeLibraryPakFileMountedCallback: PakFile 'C:/Program Files/Epic Games/UE_4.27/FeaturePacks/TP_RollingBP.upack' (chunk index -1, root 'root:/') mounted
[2025.01.03-11.49.18:779][  0]LogShaderLibrary: Display: ShaderCodeLibraryPakFileMountedCallback: pending pak file info (ChunkID:-1 Root:root:/ File:C:/Program Files/Epic Games/UE_4.27/FeaturePacks/TP_RollingBP.upack)
[2025.01.03-11.49.18:779][  0]LogPakFile: OnPakFileMounted2Time == 0.000032
[2025.01.03-11.49.18:779][  0]LogPakFile: PakFile PrimaryIndexSize=188
[2025.01.03-11.49.18:779][  0]LogPakFile: PakFile PathHashIndexSize=101
[2025.01.03-11.49.18:779][  0]LogPakFile: PakFile FullDirectoryIndexSize=150
[2025.01.03-11.49.18:779][  0]LogShaderLibrary: Display: ShaderCodeLibraryPakFileMountedCallback: PakFile 'C:/Program Files/Epic Games/UE_4.27/FeaturePacks/TP_SideScroller.upack' (chunk index -1, root 'root:/') mounted
[2025.01.03-11.49.18:779][  0]LogShaderLibrary: Display: ShaderCodeLibraryPakFileMountedCallback: pending pak file info (ChunkID:-1 Root:root:/ File:C:/Program Files/Epic Games/UE_4.27/FeaturePacks/TP_SideScroller.upack)
[2025.01.03-11.49.18:779][  0]LogPakFile: OnPakFileMounted2Time == 0.000031
[2025.01.03-11.49.18:780][  0]LogPakFile: PakFile PrimaryIndexSize=190
[2025.01.03-11.49.18:780][  0]LogPakFile: PakFile PathHashIndexSize=101
[2025.01.03-11.49.18:780][  0]LogPakFile: PakFile FullDirectoryIndexSize=154
[2025.01.03-11.49.18:780][  0]LogShaderLibrary: Display: ShaderCodeLibraryPakFileMountedCallback: PakFile 'C:/Program Files/Epic Games/UE_4.27/FeaturePacks/TP_SideScrollerBP.upack' (chunk index -1, root 'root:/') mounted
[2025.01.03-11.49.18:780][  0]LogShaderLibrary: Display: ShaderCodeLibraryPakFileMountedCallback: pending pak file info (ChunkID:-1 Root:root:/ File:C:/Program Files/Epic Games/UE_4.27/FeaturePacks/TP_SideScrollerBP.upack)
[2025.01.03-11.49.18:780][  0]LogPakFile: OnPakFileMounted2Time == 0.000029
[2025.01.03-11.49.18:780][  0]LogPakFile: PakFile PrimaryIndexSize=187
[2025.01.03-11.49.18:780][  0]LogPakFile: PakFile PathHashIndexSize=101
[2025.01.03-11.49.18:780][  0]LogPakFile: PakFile FullDirectoryIndexSize=148
[2025.01.03-11.49.18:780][  0]LogShaderLibrary: Display: ShaderCodeLibraryPakFileMountedCallback: PakFile 'C:/Program Files/Epic Games/UE_4.27/FeaturePacks/TP_ThirdPerson.upack' (chunk index -1, root 'root:/') mounted
[2025.01.03-11.49.18:780][  0]LogShaderLibrary: Display: ShaderCodeLibraryPakFileMountedCallback: pending pak file info (ChunkID:-1 Root:root:/ File:C:/Program Files/Epic Games/UE_4.27/FeaturePacks/TP_ThirdPerson.upack)
[2025.01.03-11.49.18:780][  0]LogPakFile: OnPakFileMounted2Time == 0.000032
[2025.01.03-11.49.18:781][  0]LogPakFile: PakFile PrimaryIndexSize=189
[2025.01.03-11.49.18:781][  0]LogPakFile: PakFile PathHashIndexSize=101
[2025.01.03-11.49.18:781][  0]LogPakFile: PakFile FullDirectoryIndexSize=152
[2025.01.03-11.49.18:781][  0]LogShaderLibrary: Display: ShaderCodeLibraryPakFileMountedCallback: PakFile 'C:/Program Files/Epic Games/UE_4.27/FeaturePacks/TP_ThirdPersonBP.upack' (chunk index -1, root 'root:/') mounted
[2025.01.03-11.49.18:781][  0]LogShaderLibrary: Display: ShaderCodeLibraryPakFileMountedCallback: pending pak file info (ChunkID:-1 Root:root:/ File:C:/Program Files/Epic Games/UE_4.27/FeaturePacks/TP_ThirdPersonBP.upack)
[2025.01.03-11.49.18:781][  0]LogPakFile: OnPakFileMounted2Time == 0.000029
[2025.01.03-11.49.18:781][  0]LogPakFile: PakFile PrimaryIndexSize=183
[2025.01.03-11.49.18:781][  0]LogPakFile: PakFile PathHashIndexSize=101
[2025.01.03-11.49.18:781][  0]LogPakFile: PakFile FullDirectoryIndexSize=140
[2025.01.03-11.49.18:781][  0]LogShaderLibrary: Display: ShaderCodeLibraryPakFileMountedCallback: PakFile 'C:/Program Files/Epic Games/UE_4.27/FeaturePacks/TP_TopDown.upack' (chunk index -1, root 'root:/') mounted
[2025.01.03-11.49.18:781][  0]LogShaderLibrary: Display: ShaderCodeLibraryPakFileMountedCallback: pending pak file info (ChunkID:-1 Root:root:/ File:C:/Program Files/Epic Games/UE_4.27/FeaturePacks/TP_TopDown.upack)
[2025.01.03-11.49.18:781][  0]LogPakFile: OnPakFileMounted2Time == 0.000035
[2025.01.03-11.49.18:782][  0]LogPakFile: PakFile PrimaryIndexSize=185
[2025.01.03-11.49.18:782][  0]LogPakFile: PakFile PathHashIndexSize=101
[2025.01.03-11.49.18:782][  0]LogPakFile: PakFile FullDirectoryIndexSize=144
[2025.01.03-11.49.18:782][  0]LogShaderLibrary: Display: ShaderCodeLibraryPakFileMountedCallback: PakFile 'C:/Program Files/Epic Games/UE_4.27/FeaturePacks/TP_TopDownBP.upack' (chunk index -1, root 'root:/') mounted
[2025.01.03-11.49.18:782][  0]LogShaderLibrary: Display: ShaderCodeLibraryPakFileMountedCallback: pending pak file info (ChunkID:-1 Root:root:/ File:C:/Program Files/Epic Games/UE_4.27/FeaturePacks/TP_TopDownBP.upack)
[2025.01.03-11.49.18:782][  0]LogPakFile: OnPakFileMounted2Time == 0.000056
[2025.01.03-11.49.18:782][  0]LogPakFile: PakFile PrimaryIndexSize=185
[2025.01.03-11.49.18:782][  0]LogPakFile: PakFile PathHashIndexSize=101
[2025.01.03-11.49.18:782][  0]LogPakFile: PakFile FullDirectoryIndexSize=144
[2025.01.03-11.49.18:782][  0]LogShaderLibrary: Display: ShaderCodeLibraryPakFileMountedCallback: PakFile 'C:/Program Files/Epic Games/UE_4.27/FeaturePacks/TP_TwinStick.upack' (chunk index -1, root 'root:/') mounted
[2025.01.03-11.49.18:782][  0]LogShaderLibrary: Display: ShaderCodeLibraryPakFileMountedCallback: pending pak file info (ChunkID:-1 Root:root:/ File:C:/Program Files/Epic Games/UE_4.27/FeaturePacks/TP_TwinStick.upack)
[2025.01.03-11.49.18:782][  0]LogPakFile: OnPakFileMounted2Time == 0.000030
[2025.01.03-11.49.18:783][  0]LogPakFile: PakFile PrimaryIndexSize=187
[2025.01.03-11.49.18:783][  0]LogPakFile: PakFile PathHashIndexSize=101
[2025.01.03-11.49.18:783][  0]LogPakFile: PakFile FullDirectoryIndexSize=148
[2025.01.03-11.49.18:783][  0]LogShaderLibrary: Display: ShaderCodeLibraryPakFileMountedCallback: PakFile 'C:/Program Files/Epic Games/UE_4.27/FeaturePacks/TP_TwinStickBP.upack' (chunk index -1, root 'root:/') mounted
[2025.01.03-11.49.18:783][  0]LogShaderLibrary: Display: ShaderCodeLibraryPakFileMountedCallback: pending pak file info (ChunkID:-1 Root:root:/ File:C:/Program Files/Epic Games/UE_4.27/FeaturePacks/TP_TwinStickBP.upack)
[2025.01.03-11.49.18:783][  0]LogPakFile: OnPakFileMounted2Time == 0.000035
[2025.01.03-11.49.18:783][  0]LogPakFile: PakFile PrimaryIndexSize=183
[2025.01.03-11.49.18:783][  0]LogPakFile: PakFile PathHashIndexSize=101
[2025.01.03-11.49.18:783][  0]LogPakFile: PakFile FullDirectoryIndexSize=140
[2025.01.03-11.49.18:783][  0]LogShaderLibrary: Display: ShaderCodeLibraryPakFileMountedCallback: PakFile 'C:/Program Files/Epic Games/UE_4.27/FeaturePacks/TP_Vehicle.upack' (chunk index -1, root 'root:/') mounted
[2025.01.03-11.49.18:783][  0]LogShaderLibrary: Display: ShaderCodeLibraryPakFileMountedCallback: pending pak file info (ChunkID:-1 Root:root:/ File:C:/Program Files/Epic Games/UE_4.27/FeaturePacks/TP_Vehicle.upack)
[2025.01.03-11.49.18:783][  0]LogPakFile: OnPakFileMounted2Time == 0.000029
[2025.01.03-11.49.18:784][  0]LogPakFile: PakFile PrimaryIndexSize=186
[2025.01.03-11.49.18:784][  0]LogPakFile: PakFile PathHashIndexSize=101
[2025.01.03-11.49.18:784][  0]LogPakFile: PakFile FullDirectoryIndexSize=146
[2025.01.03-11.49.18:784][  0]LogShaderLibrary: Display: ShaderCodeLibraryPakFileMountedCallback: PakFile 'C:/Program Files/Epic Games/UE_4.27/FeaturePacks/TP_VehicleAdv.upack' (chunk index -1, root 'root:/') mounted
[2025.01.03-11.49.18:784][  0]LogShaderLibrary: Display: ShaderCodeLibraryPakFileMountedCallback: pending pak file info (ChunkID:-1 Root:root:/ File:C:/Program Files/Epic Games/UE_4.27/FeaturePacks/TP_VehicleAdv.upack)
[2025.01.03-11.49.18:784][  0]LogPakFile: OnPakFileMounted2Time == 0.000030
[2025.01.03-11.49.18:784][  0]LogPakFile: PakFile PrimaryIndexSize=188
[2025.01.03-11.49.18:784][  0]LogPakFile: PakFile PathHashIndexSize=101
[2025.01.03-11.49.18:784][  0]LogPakFile: PakFile FullDirectoryIndexSize=150
[2025.01.03-11.49.18:784][  0]LogShaderLibrary: Display: ShaderCodeLibraryPakFileMountedCallback: PakFile 'C:/Program Files/Epic Games/UE_4.27/FeaturePacks/TP_VehicleAdvBP.upack' (chunk index -1, root 'root:/') mounted
[2025.01.03-11.49.18:784][  0]LogShaderLibrary: Display: ShaderCodeLibraryPakFileMountedCallback: pending pak file info (ChunkID:-1 Root:root:/ File:C:/Program Files/Epic Games/UE_4.27/FeaturePacks/TP_VehicleAdvBP.upack)
[2025.01.03-11.49.18:784][  0]LogPakFile: OnPakFileMounted2Time == 0.000029
[2025.01.03-11.49.18:785][  0]LogPakFile: PakFile PrimaryIndexSize=185
[2025.01.03-11.49.18:785][  0]LogPakFile: PakFile PathHashIndexSize=101
[2025.01.03-11.49.18:785][  0]LogPakFile: PakFile FullDirectoryIndexSize=144
[2025.01.03-11.49.18:785][  0]LogShaderLibrary: Display: ShaderCodeLibraryPakFileMountedCallback: PakFile 'C:/Program Files/Epic Games/UE_4.27/FeaturePacks/TP_VehicleBP.upack' (chunk index -1, root 'root:/') mounted
[2025.01.03-11.49.18:785][  0]LogShaderLibrary: Display: ShaderCodeLibraryPakFileMountedCallback: pending pak file info (ChunkID:-1 Root:root:/ File:C:/Program Files/Epic Games/UE_4.27/FeaturePacks/TP_VehicleBP.upack)
[2025.01.03-11.49.18:785][  0]LogPakFile: OnPakFileMounted2Time == 0.000033
[2025.01.03-11.49.18:785][  0]LogPakFile: PakFile PrimaryIndexSize=192
[2025.01.03-11.49.18:785][  0]LogPakFile: PakFile PathHashIndexSize=101
[2025.01.03-11.49.18:785][  0]LogPakFile: PakFile FullDirectoryIndexSize=158
[2025.01.03-11.49.18:785][  0]LogShaderLibrary: Display: ShaderCodeLibraryPakFileMountedCallback: PakFile 'C:/Program Files/Epic Games/UE_4.27/FeaturePacks/TP_VirtualRealityBP.upack' (chunk index -1, root 'root:/') mounted
[2025.01.03-11.49.18:785][  0]LogShaderLibrary: Display: ShaderCodeLibraryPakFileMountedCallback: pending pak file info (ChunkID:-1 Root:root:/ File:C:/Program Files/Epic Games/UE_4.27/FeaturePacks/TP_VirtualRealityBP.upack)
[2025.01.03-11.49.18:785][  0]LogPakFile: OnPakFileMounted2Time == 0.000030
[2025.01.03-11.49.18:825][  0]LogNativeClassHierarchy: Verbose: Native class hierarchy updated for 'AddContentDialog' in 0.0003 seconds. Added 0 classes and 0 folders.
[2025.01.03-11.49.18:826][  0]LogNativeClassHierarchy: Verbose: Native class hierarchy updated for 'SceneOutliner' in 0.0002 seconds. Added 2 classes and 0 folders.
[2025.01.03-11.49.18:902][  0]LogSlate: Took 0.000120 seconds to synchronously load lazily loaded font '../../../Engine/Content/Slate/Fonts/Roboto-Regular.ttf' (155K)
[2025.01.03-11.49.18:903][  0]LogSlate: Took 0.000074 seconds to synchronously load lazily loaded font '../../../Engine/Content/Editor/Slate/Fonts/FontAwesome.ttf' (139K)
[2025.01.03-11.49.18:904][  0]LogSlate: Took 0.000072 seconds to synchronously load lazily loaded font '../../../Engine/Content/Slate/Fonts/Roboto-Bold.ttf' (160K)
[2025.01.03-11.49.18:974][  0]LogRenderer: Reallocating scene render targets to support 1208x572 Format 10 NumSamples 1 (Frame:1).
[2025.01.03-11.49.19:031][  0]LogSlate: Took 0.000129 seconds to synchronously load lazily loaded font '../../../Engine/Content/Slate/Fonts/Roboto-Light.ttf' (167K)
[2025.01.03-11.49.19:121][  0]LogNativeClassHierarchy: Verbose: Native class hierarchy updated for 'HierarchicalLODOutliner' in 0.0002 seconds. Added 0 classes and 0 folders.
[2025.01.03-11.49.19:122][  0]LogLoad: (Engine Initialization) Total time: 6.44 seconds
[2025.01.03-11.49.19:122][  0]LogLoad: (Engine Initialization) Total Blueprint compile time: 0.00 seconds
[2025.01.03-11.49.19:270][  0]LogAssetRegistry: Asset discovery search completed in 3.7117 seconds
[2025.01.03-11.49.19:274][  0]LogCollectionManager: Fixed up redirectors for 0 collections in 0.000003 seconds (updated 0 objects)
[2025.01.03-11.49.19:276][  0]LogContentStreaming: Texture pool size now 1000 MB
[2025.01.03-11.49.20:148][ 64]LogSlate: Took 0.000139 seconds to synchronously load lazily loaded font '../../../Engine/Content/Slate/Fonts/Roboto-Light.ttf' (167K)
